mode: set
github.com/huaodong/emfield-teaching-platform/backend/cmd/seed/seed_users.go:16.13,17.22 1 0
github.com/huaodong/emfield-teaching-platform/backend/cmd/seed/seed_users.go:17.22,19.3 1 0
github.com/huaodong/emfield-teaching-platform/backend/cmd/seed/seed_users.go:20.2,27.16 4 0
github.com/huaodong/emfield-teaching-platform/backend/cmd/seed/seed_users.go:27.16,29.3 1 0
github.com/huaodong/emfield-teaching-platform/backend/cmd/seed/seed_users.go:32.2,32.47 1 0
github.com/huaodong/emfield-teaching-platform/backend/cmd/seed/seed_users.go:32.47,34.3 1 0
github.com/huaodong/emfield-teaching-platform/backend/cmd/seed/seed_users.go:37.2,38.16 2 0
github.com/huaodong/emfield-teaching-platform/backend/cmd/seed/seed_users.go:38.16,40.3 1 0
github.com/huaodong/emfield-teaching-platform/backend/cmd/seed/seed_users.go:41.2,48.21 6 0
github.com/huaodong/emfield-teaching-platform/backend/cmd/seed/seed_users.go:48.21,54.17 4 0
github.com/huaodong/emfield-teaching-platform/backend/cmd/seed/seed_users.go:54.17,55.12 1 0
github.com/huaodong/emfield-teaching-platform/backend/cmd/seed/seed_users.go:58.3,59.21 2 0
github.com/huaodong/emfield-teaching-platform/backend/cmd/seed/seed_users.go:59.21,61.12 2 0
github.com/huaodong/emfield-teaching-platform/backend/cmd/seed/seed_users.go:64.3,70.18 5 0
github.com/huaodong/emfield-teaching-platform/backend/cmd/seed/seed_users.go:71.28,72.20 1 0
github.com/huaodong/emfield-teaching-platform/backend/cmd/seed/seed_users.go:73.28,74.20 1 0
github.com/huaodong/emfield-teaching-platform/backend/cmd/seed/seed_users.go:75.30,76.22 1 0
github.com/huaodong/emfield-teaching-platform/backend/cmd/seed/seed_users.go:77.29,78.18 1 0
github.com/huaodong/emfield-teaching-platform/backend/cmd/seed/seed_users.go:79.11,81.12 2 0
github.com/huaodong/emfield-teaching-platform/backend/cmd/seed/seed_users.go:85.3,86.87 2 0
github.com/huaodong/emfield-teaching-platform/backend/cmd/seed/seed_users.go:86.87,89.12 3 0
github.com/huaodong/emfield-teaching-platform/backend/cmd/seed/seed_users.go:93.3,94.17 2 0
github.com/huaodong/emfield-teaching-platform/backend/cmd/seed/seed_users.go:94.17,96.12 2 0
github.com/huaodong/emfield-teaching-platform/backend/cmd/seed/seed_users.go:100.3,107.52 2 0
github.com/huaodong/emfield-teaching-platform/backend/cmd/seed/seed_users.go:107.52,109.12 2 0
github.com/huaodong/emfield-teaching-platform/backend/cmd/seed/seed_users.go:112.3,113.12 2 0
github.com/huaodong/emfield-teaching-platform/backend/cmd/seed/seed_users.go:116.2,118.60 3 0
github.com/huaodong/emfield-teaching-platform/backend/internal/auth/jwt.go:17.109,30.2 4 0
github.com/huaodong/emfield-teaching-platform/backend/internal/auth/jwt.go:32.69,36.99 2 0
github.com/huaodong/emfield-teaching-platform/backend/internal/auth/jwt.go:36.99,38.3 1 0
github.com/huaodong/emfield-teaching-platform/backend/internal/auth/jwt.go:39.2,39.16 1 0
github.com/huaodong/emfield-teaching-platform/backend/internal/auth/jwt.go:39.16,41.3 1 0
github.com/huaodong/emfield-teaching-platform/backend/internal/auth/jwt.go:42.2,43.25 2 0
github.com/huaodong/emfield-teaching-platform/backend/internal/auth/jwt.go:43.25,45.3 1 0
github.com/huaodong/emfield-teaching-platform/backend/internal/auth/jwt.go:46.2,46.20 1 0
github.com/huaodong/emfield-teaching-platform/backend/internal/auth/password.go:5.49,7.16 2 0
github.com/huaodong/emfield-teaching-platform/backend/internal/auth/password.go:7.16,9.3 1 0
github.com/huaodong/emfield-teaching-platform/backend/internal/auth/password.go:10.2,10.23 1 0
github.com/huaodong/emfield-teaching-platform/backend/internal/auth/password.go:13.46,15.2 1 0
github.com/huaodong/emfield-teaching-platform/backend/internal/clients/ai.go:36.44,50.2 1 0
github.com/huaodong/emfield-teaching-platform/backend/internal/clients/ai.go:52.85,53.21 1 0
github.com/huaodong/emfield-teaching-platform/backend/internal/clients/ai.go:53.21,55.3 1 0
github.com/huaodong/emfield-teaching-platform/backend/internal/clients/ai.go:57.2,58.16 2 0
github.com/huaodong/emfield-teaching-platform/backend/internal/clients/ai.go:58.16,60.3 1 0
github.com/huaodong/emfield-teaching-platform/backend/internal/clients/ai.go:61.2,62.16 2 0
github.com/huaodong/emfield-teaching-platform/backend/internal/clients/ai.go:62.16,64.3 1 0
github.com/huaodong/emfield-teaching-platform/backend/internal/clients/ai.go:65.2,68.16 3 0
github.com/huaodong/emfield-teaching-platform/backend/internal/clients/ai.go:68.16,70.3 1 0
github.com/huaodong/emfield-teaching-platform/backend/internal/clients/ai.go:71.2,74.16 3 0
github.com/huaodong/emfield-teaching-platform/backend/internal/clients/ai.go:74.16,76.3 1 0
github.com/huaodong/emfield-teaching-platform/backend/internal/clients/ai.go:77.2,77.28 1 0
github.com/huaodong/emfield-teaching-platform/backend/internal/clients/ai.go:77.28,79.3 1 0
github.com/huaodong/emfield-teaching-platform/backend/internal/clients/ai.go:81.2,82.48 2 0
github.com/huaodong/emfield-teaching-platform/backend/internal/clients/ai.go:82.48,84.3 1 0
github.com/huaodong/emfield-teaching-platform/backend/internal/clients/ai.go:85.2,85.17 1 0
github.com/huaodong/emfield-teaching-platform/backend/internal/clients/ai.go:90.92,91.21 1 0
github.com/huaodong/emfield-teaching-platform/backend/internal/clients/ai.go:91.21,93.3 1 0
github.com/huaodong/emfield-teaching-platform/backend/internal/clients/ai.go:95.2,97.16 3 0
github.com/huaodong/emfield-teaching-platform/backend/internal/clients/ai.go:97.16,99.3 1 0
github.com/huaodong/emfield-teaching-platform/backend/internal/clients/ai.go:101.2,102.16 2 0
github.com/huaodong/emfield-teaching-platform/backend/internal/clients/ai.go:102.16,104.3 1 0
github.com/huaodong/emfield-teaching-platform/backend/internal/clients/ai.go:105.2,109.16 4 0
github.com/huaodong/emfield-teaching-platform/backend/internal/clients/ai.go:109.16,111.3 1 0
github.com/huaodong/emfield-teaching-platform/backend/internal/clients/ai.go:113.2,113.28 1 0
github.com/huaodong/emfield-teaching-platform/backend/internal/clients/ai.go:113.28,117.3 3 0
github.com/huaodong/emfield-teaching-platform/backend/internal/clients/ai.go:119.2,119.23 1 0
github.com/huaodong/emfield-teaching-platform/backend/internal/clients/ai.go:149.112,150.21 1 0
github.com/huaodong/emfield-teaching-platform/backend/internal/clients/ai.go:150.21,152.3 1 0
github.com/huaodong/emfield-teaching-platform/backend/internal/clients/ai.go:154.2,155.16 2 0
github.com/huaodong/emfield-teaching-platform/backend/internal/clients/ai.go:155.16,157.3 1 0
github.com/huaodong/emfield-teaching-platform/backend/internal/clients/ai.go:158.2,159.16 2 0
github.com/huaodong/emfield-teaching-platform/backend/internal/clients/ai.go:159.16,161.3 1 0
github.com/huaodong/emfield-teaching-platform/backend/internal/clients/ai.go:162.2,165.16 3 0
github.com/huaodong/emfield-teaching-platform/backend/internal/clients/ai.go:165.16,167.3 1 0
github.com/huaodong/emfield-teaching-platform/backend/internal/clients/ai.go:168.2,171.16 3 0
github.com/huaodong/emfield-teaching-platform/backend/internal/clients/ai.go:171.16,173.3 1 0
github.com/huaodong/emfield-teaching-platform/backend/internal/clients/ai.go:174.2,174.28 1 0
github.com/huaodong/emfield-teaching-platform/backend/internal/clients/ai.go:174.28,176.3 1 0
github.com/huaodong/emfield-teaching-platform/backend/internal/clients/ai.go:178.2,179.48 2 0
github.com/huaodong/emfield-teaching-platform/backend/internal/clients/ai.go:179.48,181.3 1 0
github.com/huaodong/emfield-teaching-platform/backend/internal/clients/ai.go:182.2,182.17 1 0
github.com/huaodong/emfield-teaching-platform/backend/internal/clients/ai.go:209.103,210.21 1 0
github.com/huaodong/emfield-teaching-platform/backend/internal/clients/ai.go:210.21,212.3 1 0
github.com/huaodong/emfield-teaching-platform/backend/internal/clients/ai.go:214.2,215.16 2 0
github.com/huaodong/emfield-teaching-platform/backend/internal/clients/ai.go:215.16,217.3 1 0
github.com/huaodong/emfield-teaching-platform/backend/internal/clients/ai.go:218.2,219.16 2 0
github.com/huaodong/emfield-teaching-platform/backend/internal/clients/ai.go:219.16,221.3 1 0
github.com/huaodong/emfield-teaching-platform/backend/internal/clients/ai.go:222.2,225.16 3 0
github.com/huaodong/emfield-teaching-platform/backend/internal/clients/ai.go:225.16,227.3 1 0
github.com/huaodong/emfield-teaching-platform/backend/internal/clients/ai.go:228.2,231.16 3 0
github.com/huaodong/emfield-teaching-platform/backend/internal/clients/ai.go:231.16,233.3 1 0
github.com/huaodong/emfield-teaching-platform/backend/internal/clients/ai.go:234.2,234.28 1 0
github.com/huaodong/emfield-teaching-platform/backend/internal/clients/ai.go:234.28,236.3 1 0
github.com/huaodong/emfield-teaching-platform/backend/internal/clients/ai.go:238.2,239.48 2 0
github.com/huaodong/emfield-teaching-platform/backend/internal/clients/ai.go:239.48,241.3 1 0
github.com/huaodong/emfield-teaching-platform/backend/internal/clients/ai.go:242.2,242.17 1 0
github.com/huaodong/emfield-teaching-platform/backend/internal/clients/minio.go:31.60,36.16 2 0
github.com/huaodong/emfield-teaching-platform/backend/internal/clients/minio.go:36.16,38.3 1 0
github.com/huaodong/emfield-teaching-platform/backend/internal/clients/minio.go:40.2,44.16 3 0
github.com/huaodong/emfield-teaching-platform/backend/internal/clients/minio.go:44.16,46.3 1 0
github.com/huaodong/emfield-teaching-platform/backend/internal/clients/minio.go:47.2,47.13 1 0
github.com/huaodong/emfield-teaching-platform/backend/internal/clients/minio.go:47.13,49.17 2 0
github.com/huaodong/emfield-teaching-platform/backend/internal/clients/minio.go:49.17,51.4 1 0
github.com/huaodong/emfield-teaching-platform/backend/internal/clients/minio.go:54.2,55.17 2 0
github.com/huaodong/emfield-teaching-platform/backend/internal/clients/minio.go:55.17,57.3 1 0
github.com/huaodong/emfield-teaching-platform/backend/internal/clients/minio.go:59.2,63.8 1 0
github.com/huaodong/emfield-teaching-platform/backend/internal/clients/minio.go:67.131,74.2 2 0
github.com/huaodong/emfield-teaching-platform/backend/internal/clients/minio.go:77.91,80.16 3 0
github.com/huaodong/emfield-teaching-platform/backend/internal/clients/minio.go:80.16,82.3 1 0
github.com/huaodong/emfield-teaching-platform/backend/internal/clients/minio.go:83.2,83.35 1 0
github.com/huaodong/emfield-teaching-platform/backend/internal/clients/minio.go:87.79,89.2 1 0
github.com/huaodong/emfield-teaching-platform/backend/internal/clients/sim.go:37.46,44.2 1 0
github.com/huaodong/emfield-teaching-platform/backend/internal/clients/sim.go:47.101,48.21 1 0
github.com/huaodong/emfield-teaching-platform/backend/internal/clients/sim.go:48.21,50.3 1 0
github.com/huaodong/emfield-teaching-platform/backend/internal/clients/sim.go:52.2,53.16 2 0
github.com/huaodong/emfield-teaching-platform/backend/internal/clients/sim.go:53.16,55.3 1 0
github.com/huaodong/emfield-teaching-platform/backend/internal/clients/sim.go:56.2,57.16 2 0
github.com/huaodong/emfield-teaching-platform/backend/internal/clients/sim.go:57.16,59.3 1 0
github.com/huaodong/emfield-teaching-platform/backend/internal/clients/sim.go:60.2,63.16 3 0
github.com/huaodong/emfield-teaching-platform/backend/internal/clients/sim.go:63.16,65.3 1 0
github.com/huaodong/emfield-teaching-platform/backend/internal/clients/sim.go:66.2,69.16 3 0
github.com/huaodong/emfield-teaching-platform/backend/internal/clients/sim.go:69.16,71.3 1 0
github.com/huaodong/emfield-teaching-platform/backend/internal/clients/sim.go:72.2,72.28 1 0
github.com/huaodong/emfield-teaching-platform/backend/internal/clients/sim.go:72.28,74.3 1 0
github.com/huaodong/emfield-teaching-platform/backend/internal/clients/sim.go:76.2,77.48 2 0
github.com/huaodong/emfield-teaching-platform/backend/internal/clients/sim.go:77.48,79.3 1 0
github.com/huaodong/emfield-teaching-platform/backend/internal/clients/sim.go:80.2,80.17 1 0
github.com/huaodong/emfield-teaching-platform/backend/internal/clients/sim.go:85.109,86.21 1 0
github.com/huaodong/emfield-teaching-platform/backend/internal/clients/sim.go:86.21,88.3 1 0
github.com/huaodong/emfield-teaching-platform/backend/internal/clients/sim.go:90.2,91.16 2 0
github.com/huaodong/emfield-teaching-platform/backend/internal/clients/sim.go:91.16,93.3 1 0
github.com/huaodong/emfield-teaching-platform/backend/internal/clients/sim.go:94.2,97.16 3 0
github.com/huaodong/emfield-teaching-platform/backend/internal/clients/sim.go:97.16,99.3 1 0
github.com/huaodong/emfield-teaching-platform/backend/internal/clients/sim.go:100.2,103.16 3 0
github.com/huaodong/emfield-teaching-platform/backend/internal/clients/sim.go:103.16,105.3 1 0
github.com/huaodong/emfield-teaching-platform/backend/internal/clients/sim.go:106.2,106.28 1 0
github.com/huaodong/emfield-teaching-platform/backend/internal/clients/sim.go:106.28,108.3 1 0
github.com/huaodong/emfield-teaching-platform/backend/internal/clients/sim.go:110.2,110.32 1 0
github.com/huaodong/emfield-teaching-platform/backend/internal/clients/wecom.go:33.51,42.2 1 0
github.com/huaodong/emfield-teaching-platform/backend/internal/clients/wecom.go:45.43,47.2 1 0
github.com/huaodong/emfield-teaching-platform/backend/internal/clients/wecom.go:50.42,52.2 1 0
github.com/huaodong/emfield-teaching-platform/backend/internal/clients/wecom.go:55.43,57.2 1 0
github.com/huaodong/emfield-teaching-platform/backend/internal/clients/wecom.go:68.75,70.61 2 0
github.com/huaodong/emfield-teaching-platform/backend/internal/clients/wecom.go:70.61,74.3 3 0
github.com/huaodong/emfield-teaching-platform/backend/internal/clients/wecom.go:75.2,81.61 4 0
github.com/huaodong/emfield-teaching-platform/backend/internal/clients/wecom.go:81.61,83.3 1 0
github.com/huaodong/emfield-teaching-platform/backend/internal/clients/wecom.go:85.2,91.16 3 0
github.com/huaodong/emfield-teaching-platform/backend/internal/clients/wecom.go:91.16,93.3 1 0
github.com/huaodong/emfield-teaching-platform/backend/internal/clients/wecom.go:95.2,96.16 2 0
github.com/huaodong/emfield-teaching-platform/backend/internal/clients/wecom.go:96.16,98.3 1 0
github.com/huaodong/emfield-teaching-platform/backend/internal/clients/wecom.go:99.2,102.16 3 0
github.com/huaodong/emfield-teaching-platform/backend/internal/clients/wecom.go:102.16,104.3 1 0
github.com/huaodong/emfield-teaching-platform/backend/internal/clients/wecom.go:106.2,107.54 2 0
github.com/huaodong/emfield-teaching-platform/backend/internal/clients/wecom.go:107.54,109.3 1 0
github.com/huaodong/emfield-teaching-platform/backend/internal/clients/wecom.go:111.2,111.25 1 0
github.com/huaodong/emfield-teaching-platform/backend/internal/clients/wecom.go:111.25,113.3 1 0
github.com/huaodong/emfield-teaching-platform/backend/internal/clients/wecom.go:115.2,119.27 3 0
github.com/huaodong/emfield-teaching-platform/backend/internal/clients/wecom.go:139.94,140.16 1 0
github.com/huaodong/emfield-teaching-platform/backend/internal/clients/wecom.go:140.16,142.3 1 0
github.com/huaodong/emfield-teaching-platform/backend/internal/clients/wecom.go:144.2,145.16 2 0
github.com/huaodong/emfield-teaching-platform/backend/internal/clients/wecom.go:145.16,147.3 1 0
github.com/huaodong/emfield-teaching-platform/backend/internal/clients/wecom.go:149.2,155.16 3 0
github.com/huaodong/emfield-teaching-platform/backend/internal/clients/wecom.go:155.16,157.3 1 0
github.com/huaodong/emfield-teaching-platform/backend/internal/clients/wecom.go:159.2,160.16 2 0
github.com/huaodong/emfield-teaching-platform/backend/internal/clients/wecom.go:160.16,162.3 1 0
github.com/huaodong/emfield-teaching-platform/backend/internal/clients/wecom.go:163.2,166.16 3 0
github.com/huaodong/emfield-teaching-platform/backend/internal/clients/wecom.go:166.16,168.3 1 0
github.com/huaodong/emfield-teaching-platform/backend/internal/clients/wecom.go:170.2,171.54 2 0
github.com/huaodong/emfield-teaching-platform/backend/internal/clients/wecom.go:171.54,173.3 1 0
github.com/huaodong/emfield-teaching-platform/backend/internal/clients/wecom.go:175.2,175.25 1 0
github.com/huaodong/emfield-teaching-platform/backend/internal/clients/wecom.go:175.25,177.3 1 0
github.com/huaodong/emfield-teaching-platform/backend/internal/clients/wecom.go:179.2,183.8 1 0
github.com/huaodong/emfield-teaching-platform/backend/internal/clients/wecom.go:213.94,214.18 1 0
github.com/huaodong/emfield-teaching-platform/backend/internal/clients/wecom.go:214.18,216.3 1 0
github.com/huaodong/emfield-teaching-platform/backend/internal/clients/wecom.go:218.2,219.16 2 0
github.com/huaodong/emfield-teaching-platform/backend/internal/clients/wecom.go:219.16,221.3 1 0
github.com/huaodong/emfield-teaching-platform/backend/internal/clients/wecom.go:223.2,229.16 3 0
github.com/huaodong/emfield-teaching-platform/backend/internal/clients/wecom.go:229.16,231.3 1 0
github.com/huaodong/emfield-teaching-platform/backend/internal/clients/wecom.go:233.2,234.16 2 0
github.com/huaodong/emfield-teaching-platform/backend/internal/clients/wecom.go:234.16,236.3 1 0
github.com/huaodong/emfield-teaching-platform/backend/internal/clients/wecom.go:237.2,240.16 3 0
github.com/huaodong/emfield-teaching-platform/backend/internal/clients/wecom.go:240.16,242.3 1 0
github.com/huaodong/emfield-teaching-platform/backend/internal/clients/wecom.go:244.2,245.54 2 0
github.com/huaodong/emfield-teaching-platform/backend/internal/clients/wecom.go:245.54,247.3 1 0
github.com/huaodong/emfield-teaching-platform/backend/internal/clients/wecom.go:249.2,249.25 1 0
github.com/huaodong/emfield-teaching-platform/backend/internal/clients/wecom.go:249.25,251.3 1 0
github.com/huaodong/emfield-teaching-platform/backend/internal/clients/wecom.go:253.2,262.8 1 0
github.com/huaodong/emfield-teaching-platform/backend/internal/clients/wecom.go:287.75,289.63 2 0
github.com/huaodong/emfield-teaching-platform/backend/internal/clients/wecom.go:289.63,293.3 3 0
github.com/huaodong/emfield-teaching-platform/backend/internal/clients/wecom.go:294.2,300.63 4 0
github.com/huaodong/emfield-teaching-platform/backend/internal/clients/wecom.go:300.63,302.3 1 0
github.com/huaodong/emfield-teaching-platform/backend/internal/clients/wecom.go:304.2,305.16 2 0
github.com/huaodong/emfield-teaching-platform/backend/internal/clients/wecom.go:305.16,307.3 1 0
github.com/huaodong/emfield-teaching-platform/backend/internal/clients/wecom.go:309.2,315.16 3 0
github.com/huaodong/emfield-teaching-platform/backend/internal/clients/wecom.go:315.16,317.3 1 0
github.com/huaodong/emfield-teaching-platform/backend/internal/clients/wecom.go:319.2,320.16 2 0
github.com/huaodong/emfield-teaching-platform/backend/internal/clients/wecom.go:320.16,322.3 1 0
github.com/huaodong/emfield-teaching-platform/backend/internal/clients/wecom.go:323.2,326.16 3 0
github.com/huaodong/emfield-teaching-platform/backend/internal/clients/wecom.go:326.16,328.3 1 0
github.com/huaodong/emfield-teaching-platform/backend/internal/clients/wecom.go:330.2,331.54 2 0
github.com/huaodong/emfield-teaching-platform/backend/internal/clients/wecom.go:331.54,333.3 1 0
github.com/huaodong/emfield-teaching-platform/backend/internal/clients/wecom.go:335.2,335.25 1 0
github.com/huaodong/emfield-teaching-platform/backend/internal/clients/wecom.go:335.25,337.3 1 0
github.com/huaodong/emfield-teaching-platform/backend/internal/clients/wecom.go:339.2,342.25 3 0
github.com/huaodong/emfield-teaching-platform/backend/internal/config/config.go:32.20,38.27 5 0
github.com/huaodong/emfield-teaching-platform/backend/internal/config/config.go:38.27,40.3 1 0
github.com/huaodong/emfield-teaching-platform/backend/internal/config/config.go:42.2,71.3 8 0
github.com/huaodong/emfield-teaching-platform/backend/internal/config/config.go:74.42,75.36 1 0
github.com/huaodong/emfield-teaching-platform/backend/internal/config/config.go:75.36,77.3 1 0
github.com/huaodong/emfield-teaching-platform/backend/internal/config/config.go:78.2,78.17 1 0
github.com/huaodong/emfield-teaching-platform/backend/internal/config/config.go:81.38,83.15 2 0
github.com/huaodong/emfield-teaching-platform/backend/internal/config/config.go:83.15,85.3 1 0
github.com/huaodong/emfield-teaching-platform/backend/internal/config/config.go:86.2,88.26 3 0
github.com/huaodong/emfield-teaching-platform/backend/internal/config/config.go:88.26,90.14 2 0
github.com/huaodong/emfield-teaching-platform/backend/internal/config/config.go:90.14,91.12 1 0
github.com/huaodong/emfield-teaching-platform/backend/internal/config/config.go:93.3,93.23 1 0
github.com/huaodong/emfield-teaching-platform/backend/internal/config/config.go:95.2,95.12 1 0
github.com/huaodong/emfield-teaching-platform/backend/internal/authz/rbac.go:99.51,101.9 2 0
github.com/huaodong/emfield-teaching-platform/backend/internal/authz/rbac.go:101.9,103.3 1 0
github.com/huaodong/emfield-teaching-platform/backend/internal/authz/rbac.go:104.2,104.16 1 0
github.com/huaodong/emfield-teaching-platform/backend/internal/authz/rbac.go:104.16,106.3 1 0
github.com/huaodong/emfield-teaching-platform/backend/internal/authz/rbac.go:107.2,107.20 1 0
github.com/huaodong/emfield-teaching-platform/backend/internal/authz/rbac.go:111.43,113.9 2 0
github.com/huaodong/emfield-teaching-platform/backend/internal/authz/rbac.go:113.9,115.3 1 0
github.com/huaodong/emfield-teaching-platform/backend/internal/authz/rbac.go:118.2,118.16 1 0
github.com/huaodong/emfield-teaching-platform/backend/internal/authz/rbac.go:118.16,130.3 1 0
github.com/huaodong/emfield-teaching-platform/backend/internal/authz/rbac.go:132.2,133.26 2 0
github.com/huaodong/emfield-teaching-platform/backend/internal/authz/rbac.go:133.26,135.3 1 0
github.com/huaodong/emfield-teaching-platform/backend/internal/authz/rbac.go:136.2,136.15 1 0
github.com/huaodong/emfield-teaching-platform/backend/cmd/server/main.go:18.13,22.16 3 0
github.com/huaodong/emfield-teaching-platform/backend/cmd/server/main.go:22.16,24.3 1 0
github.com/huaodong/emfield-teaching-platform/backend/cmd/server/main.go:25.2,25.47 1 0
github.com/huaodong/emfield-teaching-platform/backend/cmd/server/main.go:25.47,27.3 1 0
github.com/huaodong/emfield-teaching-platform/backend/cmd/server/main.go:28.2,29.16 2 0
github.com/huaodong/emfield-teaching-platform/backend/cmd/server/main.go:29.16,31.3 1 0
github.com/huaodong/emfield-teaching-platform/backend/cmd/server/main.go:32.2,32.12 1 0
github.com/huaodong/emfield-teaching-platform/backend/cmd/server/main.go:32.12,34.3 1 0
github.com/huaodong/emfield-teaching-platform/backend/cmd/server/main.go:36.2,41.16 4 0
github.com/huaodong/emfield-teaching-platform/backend/cmd/server/main.go:41.16,43.3 1 0
github.com/huaodong/emfield-teaching-platform/backend/cmd/server/main.go:44.2,52.16 2 0
github.com/huaodong/emfield-teaching-platform/backend/cmd/server/main.go:52.16,55.3 2 0
github.com/huaodong/emfield-teaching-platform/backend/cmd/server/main.go:57.2,65.12 3 0
github.com/huaodong/emfield-teaching-platform/backend/cmd/server/main.go:65.12,67.80 2 0
github.com/huaodong/emfield-teaching-platform/backend/cmd/server/main.go:67.80,69.4 1 0
github.com/huaodong/emfield-teaching-platform/backend/cmd/server/main.go:72.2,79.31 7 0
github.com/huaodong/emfield-teaching-platform/backend/internal/db/db.go:18.41,22.74 2 0
github.com/huaodong/emfield-teaching-platform/backend/internal/db/db.go:22.74,27.3 3 0
github.com/huaodong/emfield-teaching-platform/backend/internal/db/db.go:27.8,30.3 1 0
github.com/huaodong/emfield-teaching-platform/backend/internal/db/db.go:32.2,35.16 2 0
github.com/huaodong/emfield-teaching-platform/backend/internal/db/db.go:35.16,37.3 1 0
github.com/huaodong/emfield-teaching-platform/backend/internal/db/db.go:39.2,40.16 2 0
github.com/huaodong/emfield-teaching-platform/backend/internal/db/db.go:40.16,42.3 1 0
github.com/huaodong/emfield-teaching-platform/backend/internal/db/db.go:45.2,45.76 1 0
github.com/huaodong/emfield-teaching-platform/backend/internal/db/db.go:45.76,49.3 3 0
github.com/huaodong/emfield-teaching-platform/backend/internal/db/db.go:51.2,51.20 1 0
github.com/huaodong/emfield-teaching-platform/backend/internal/db/db.go:54.41,75.2 1 0
github.com/huaodong/emfield-teaching-platform/backend/internal/db/seed.go:11.51,13.73 2 0
github.com/huaodong/emfield-teaching-platform/backend/internal/db/seed.go:13.73,15.3 1 0
github.com/huaodong/emfield-teaching-platform/backend/internal/db/seed.go:16.2,16.15 1 0
github.com/huaodong/emfield-teaching-platform/backend/internal/db/seed.go:16.15,18.3 1 0
github.com/huaodong/emfield-teaching-platform/backend/internal/db/seed.go:20.2,32.26 3 0
github.com/huaodong/emfield-teaching-platform/backend/internal/db/seed.go:32.26,34.17 2 0
github.com/huaodong/emfield-teaching-platform/backend/internal/db/seed.go:34.17,36.4 1 0
github.com/huaodong/emfield-teaching-platform/backend/internal/db/seed.go:37.3,42.24 1 0
github.com/huaodong/emfield-teaching-platform/backend/internal/db/seed.go:42.24,43.45 1 0
github.com/huaodong/emfield-teaching-platform/backend/internal/db/seed.go:43.45,44.13 1 0
github.com/huaodong/emfield-teaching-platform/backend/internal/db/seed.go:46.4,46.21 1 0
github.com/huaodong/emfield-teaching-platform/backend/internal/db/seed.go:50.2,50.18 1 0
github.com/huaodong/emfield-teaching-platform/backend/internal/middleware/auth.go:19.53,20.30 1 0
github.com/huaodong/emfield-teaching-platform/backend/internal/middleware/auth.go:20.30,22.18 2 0
github.com/huaodong/emfield-teaching-platform/backend/internal/middleware/auth.go:22.18,25.4 2 0
github.com/huaodong/emfield-teaching-platform/backend/internal/middleware/auth.go:26.3,28.24 3 0
github.com/huaodong/emfield-teaching-platform/backend/internal/middleware/auth.go:28.24,31.4 2 0
github.com/huaodong/emfield-teaching-platform/backend/internal/middleware/auth.go:33.3,34.17 2 0
github.com/huaodong/emfield-teaching-platform/backend/internal/middleware/auth.go:34.17,37.4 2 0
github.com/huaodong/emfield-teaching-platform/backend/internal/middleware/auth.go:38.3,43.11 2 0
github.com/huaodong/emfield-teaching-platform/backend/internal/middleware/auth.go:47.50,49.9 2 0
github.com/huaodong/emfield-teaching-platform/backend/internal/middleware/auth.go:49.9,51.3 1 0
github.com/huaodong/emfield-teaching-platform/backend/internal/middleware/auth.go:52.2,53.14 2 0
github.com/huaodong/emfield-teaching-platform/backend/internal/middleware/permission.go:10.59,11.30 1 0
github.com/huaodong/emfield-teaching-platform/backend/internal/middleware/permission.go:11.30,13.10 2 0
github.com/huaodong/emfield-teaching-platform/backend/internal/middleware/permission.go:13.10,16.4 2 0
github.com/huaodong/emfield-teaching-platform/backend/internal/middleware/permission.go:17.3,17.47 1 0
github.com/huaodong/emfield-teaching-platform/backend/internal/middleware/permission.go:17.47,20.4 2 0
github.com/huaodong/emfield-teaching-platform/backend/internal/middleware/permission.go:21.3,21.11 1 0
github.com/huaodong/emfield-teaching-platform/backend/internal/http/handlers_ai.go:17.54,19.2 1 1
github.com/huaodong/emfield-teaching-platform/backend/internal/http/handlers_ai.go:27.43,29.47 2 0
github.com/huaodong/emfield-teaching-platform/backend/internal/http/handlers_ai.go:29.47,32.3 2 0
github.com/huaodong/emfield-teaching-platform/backend/internal/http/handlers_ai.go:35.2,35.16 1 0
github.com/huaodong/emfield-teaching-platform/backend/internal/http/handlers_ai.go:35.16,38.3 2 0
github.com/huaodong/emfield-teaching-platform/backend/internal/http/handlers_ai.go:41.2,45.16 2 0
github.com/huaodong/emfield-teaching-platform/backend/internal/http/handlers_ai.go:45.16,48.3 2 0
github.com/huaodong/emfield-teaching-platform/backend/internal/http/handlers_ai.go:49.2,49.29 1 0
github.com/huaodong/emfield-teaching-platform/backend/internal/http/handlers_ai.go:52.66,64.16 6 0
github.com/huaodong/emfield-teaching-platform/backend/internal/http/handlers_ai.go:64.16,69.3 3 0
github.com/huaodong/emfield-teaching-platform/backend/internal/http/handlers_ai.go:70.2,74.6 3 0
github.com/huaodong/emfield-teaching-platform/backend/internal/http/handlers_ai.go:74.6,76.12 2 0
github.com/huaodong/emfield-teaching-platform/backend/internal/http/handlers_ai.go:76.12,79.4 2 0
github.com/huaodong/emfield-teaching-platform/backend/internal/http/handlers_ai.go:80.3,80.21 1 0
github.com/huaodong/emfield-teaching-platform/backend/internal/http/handlers_ai.go:80.21,81.25 1 0
github.com/huaodong/emfield-teaching-platform/backend/internal/http/handlers_ai.go:81.25,84.5 2 0
github.com/huaodong/emfield-teaching-platform/backend/internal/http/handlers_ai.go:85.4,85.9 1 0
github.com/huaodong/emfield-teaching-platform/backend/internal/http/handlers_ai.go:90.52,92.47 2 0
github.com/huaodong/emfield-teaching-platform/backend/internal/http/handlers_ai.go:92.47,95.3 2 0
github.com/huaodong/emfield-teaching-platform/backend/internal/http/handlers_ai.go:97.2,98.16 2 0
github.com/huaodong/emfield-teaching-platform/backend/internal/http/handlers_ai.go:98.16,101.3 2 0
github.com/huaodong/emfield-teaching-platform/backend/internal/http/handlers_ai.go:102.2,102.29 1 0
github.com/huaodong/emfield-teaching-platform/backend/internal/http/handlers_ai.go:115.49,117.47 2 1
github.com/huaodong/emfield-teaching-platform/backend/internal/http/handlers_ai.go:117.47,120.3 2 1
github.com/huaodong/emfield-teaching-platform/backend/internal/http/handlers_ai.go:123.2,124.9 2 1
github.com/huaodong/emfield-teaching-platform/backend/internal/http/handlers_ai.go:124.9,127.3 2 1
github.com/huaodong/emfield-teaching-platform/backend/internal/http/handlers_ai.go:130.2,139.16 3 0
github.com/huaodong/emfield-teaching-platform/backend/internal/http/handlers_ai.go:139.16,142.3 2 0
github.com/huaodong/emfield-teaching-platform/backend/internal/http/handlers_ai.go:143.2,143.29 1 0
github.com/huaodong/emfield-teaching-platform/backend/internal/http/handlers_announcement.go:18.65,20.2 1 0
github.com/huaodong/emfield-teaching-platform/backend/internal/http/handlers_announcement.go:39.59,41.16 2 0
github.com/huaodong/emfield-teaching-platform/backend/internal/http/handlers_announcement.go:41.16,44.3 2 0
github.com/huaodong/emfield-teaching-platform/backend/internal/http/handlers_announcement.go:46.2,47.9 2 0
github.com/huaodong/emfield-teaching-platform/backend/internal/http/handlers_announcement.go:47.9,50.3 2 0
github.com/huaodong/emfield-teaching-platform/backend/internal/http/handlers_announcement.go:51.2,68.108 9 0
github.com/huaodong/emfield-teaching-platform/backend/internal/http/handlers_announcement.go:68.108,74.3 1 0
github.com/huaodong/emfield-teaching-platform/backend/internal/http/handlers_announcement.go:76.2,80.4 1 0
github.com/huaodong/emfield-teaching-platform/backend/internal/http/handlers_announcement.go:96.53,98.16 2 0
github.com/huaodong/emfield-teaching-platform/backend/internal/http/handlers_announcement.go:98.16,101.3 2 0
github.com/huaodong/emfield-teaching-platform/backend/internal/http/handlers_announcement.go:103.2,104.9 2 0
github.com/huaodong/emfield-teaching-platform/backend/internal/http/handlers_announcement.go:104.9,107.3 2 0
github.com/huaodong/emfield-teaching-platform/backend/internal/http/handlers_announcement.go:108.2,111.114 3 0
github.com/huaodong/emfield-teaching-platform/backend/internal/http/handlers_announcement.go:111.114,114.3 2 0
github.com/huaodong/emfield-teaching-platform/backend/internal/http/handlers_announcement.go:117.2,119.34 3 0
github.com/huaodong/emfield-teaching-platform/backend/internal/http/handlers_announcement.go:119.34,121.3 1 0
github.com/huaodong/emfield-teaching-platform/backend/internal/http/handlers_announcement.go:122.2,125.32 3 0
github.com/huaodong/emfield-teaching-platform/backend/internal/http/handlers_announcement.go:125.32,127.3 1 0
github.com/huaodong/emfield-teaching-platform/backend/internal/http/handlers_announcement.go:129.2,130.34 2 0
github.com/huaodong/emfield-teaching-platform/backend/internal/http/handlers_announcement.go:130.34,138.3 1 0
github.com/huaodong/emfield-teaching-platform/backend/internal/http/handlers_announcement.go:140.2,140.31 1 0
github.com/huaodong/emfield-teaching-platform/backend/internal/http/handlers_announcement.go:152.55,154.16 2 0
github.com/huaodong/emfield-teaching-platform/backend/internal/http/handlers_announcement.go:154.16,157.3 2 0
github.com/huaodong/emfield-teaching-platform/backend/internal/http/handlers_announcement.go:159.2,160.47 2 0
github.com/huaodong/emfield-teaching-platform/backend/internal/http/handlers_announcement.go:160.47,163.3 2 0
github.com/huaodong/emfield-teaching-platform/backend/internal/http/handlers_announcement.go:165.2,166.9 2 0
github.com/huaodong/emfield-teaching-platform/backend/internal/http/handlers_announcement.go:166.9,169.3 2 0
github.com/huaodong/emfield-teaching-platform/backend/internal/http/handlers_announcement.go:170.2,179.57 3 0
github.com/huaodong/emfield-teaching-platform/backend/internal/http/handlers_announcement.go:179.57,182.3 2 0
github.com/huaodong/emfield-teaching-platform/backend/internal/http/handlers_announcement.go:184.2,184.42 1 0
github.com/huaodong/emfield-teaching-platform/backend/internal/http/handlers_announcement.go:196.55,198.16 2 0
github.com/huaodong/emfield-teaching-platform/backend/internal/http/handlers_announcement.go:198.16,201.3 2 0
github.com/huaodong/emfield-teaching-platform/backend/internal/http/handlers_announcement.go:203.2,204.47 2 0
github.com/huaodong/emfield-teaching-platform/backend/internal/http/handlers_announcement.go:204.47,207.3 2 0
github.com/huaodong/emfield-teaching-platform/backend/internal/http/handlers_announcement.go:209.2,210.72 2 0
github.com/huaodong/emfield-teaching-platform/backend/internal/http/handlers_announcement.go:210.72,213.3 2 0
github.com/huaodong/emfield-teaching-platform/backend/internal/http/handlers_announcement.go:215.2,216.21 2 0
github.com/huaodong/emfield-teaching-platform/backend/internal/http/handlers_announcement.go:216.21,218.3 1 0
github.com/huaodong/emfield-teaching-platform/backend/internal/http/handlers_announcement.go:219.2,219.23 1 0
github.com/huaodong/emfield-teaching-platform/backend/internal/http/handlers_announcement.go:219.23,221.3 1 0
github.com/huaodong/emfield-teaching-platform/backend/internal/http/handlers_announcement.go:223.2,223.73 1 0
github.com/huaodong/emfield-teaching-platform/backend/internal/http/handlers_announcement.go:223.73,226.3 2 0
github.com/huaodong/emfield-teaching-platform/backend/internal/http/handlers_announcement.go:228.2,229.37 2 0
github.com/huaodong/emfield-teaching-platform/backend/internal/http/handlers_announcement.go:236.55,238.16 2 0
github.com/huaodong/emfield-teaching-platform/backend/internal/http/handlers_announcement.go:238.16,241.3 2 0
github.com/huaodong/emfield-teaching-platform/backend/internal/http/handlers_announcement.go:244.2,246.82 2 0
github.com/huaodong/emfield-teaching-platform/backend/internal/http/handlers_announcement.go:246.82,249.3 2 0
github.com/huaodong/emfield-teaching-platform/backend/internal/http/handlers_announcement.go:251.2,251.52 1 0
github.com/huaodong/emfield-teaching-platform/backend/internal/http/handlers_announcement.go:258.57,260.16 2 0
github.com/huaodong/emfield-teaching-platform/backend/internal/http/handlers_announcement.go:260.16,263.3 2 0
github.com/huaodong/emfield-teaching-platform/backend/internal/http/handlers_announcement.go:265.2,266.9 2 0
github.com/huaodong/emfield-teaching-platform/backend/internal/http/handlers_announcement.go:266.9,269.3 2 0
github.com/huaodong/emfield-teaching-platform/backend/internal/http/handlers_announcement.go:270.2,274.72 3 0
github.com/huaodong/emfield-teaching-platform/backend/internal/http/handlers_announcement.go:274.72,277.3 2 0
github.com/huaodong/emfield-teaching-platform/backend/internal/http/handlers_announcement.go:280.2,287.55 2 0
github.com/huaodong/emfield-teaching-platform/backend/internal/http/handlers_announcement.go:287.55,289.32 1 0
github.com/huaodong/emfield-teaching-platform/backend/internal/http/handlers_announcement.go:289.32,292.4 2 0
github.com/huaodong/emfield-teaching-platform/backend/internal/http/handlers_announcement.go:295.2,295.47 1 0
github.com/huaodong/emfield-teaching-platform/backend/internal/http/handlers_announcement.go:299.42,300.16 1 0
github.com/huaodong/emfield-teaching-platform/backend/internal/http/handlers_announcement.go:300.16,302.3 1 0
github.com/huaodong/emfield-teaching-platform/backend/internal/http/handlers_announcement.go:303.2,304.92 2 0
github.com/huaodong/emfield-teaching-platform/backend/internal/http/handlers_announcement.go:307.38,309.2 1 0
github.com/huaodong/emfield-teaching-platform/backend/internal/http/handlers_announcement.go:311.42,312.43 1 0
github.com/huaodong/emfield-teaching-platform/backend/internal/http/handlers_announcement.go:312.43,313.35 1 0
github.com/huaodong/emfield-teaching-platform/backend/internal/http/handlers_announcement.go:313.35,315.4 1 0
github.com/huaodong/emfield-teaching-platform/backend/internal/http/handlers_announcement.go:317.2,317.14 1 0
github.com/huaodong/emfield-teaching-platform/backend/internal/http/handlers_assignment.go:19.89,21.2 1 0
github.com/huaodong/emfield-teaching-platform/backend/internal/http/handlers_assignment.go:33.63,35.47 2 0
github.com/huaodong/emfield-teaching-platform/backend/internal/http/handlers_assignment.go:35.47,38.3 2 0
github.com/huaodong/emfield-teaching-platform/backend/internal/http/handlers_assignment.go:41.2,42.9 2 0
github.com/huaodong/emfield-teaching-platform/backend/internal/http/handlers_assignment.go:42.9,45.3 2 0
github.com/huaodong/emfield-teaching-platform/backend/internal/http/handlers_assignment.go:48.2,49.64 2 0
github.com/huaodong/emfield-teaching-platform/backend/internal/http/handlers_assignment.go:49.64,52.3 2 0
github.com/huaodong/emfield-teaching-platform/backend/internal/http/handlers_assignment.go:53.2,53.57 1 0
github.com/huaodong/emfield-teaching-platform/backend/internal/http/handlers_assignment.go:53.57,56.3 2 0
github.com/huaodong/emfield-teaching-platform/backend/internal/http/handlers_assignment.go:58.2,69.55 2 0
github.com/huaodong/emfield-teaching-platform/backend/internal/http/handlers_assignment.go:69.55,72.3 2 0
github.com/huaodong/emfield-teaching-platform/backend/internal/http/handlers_assignment.go:74.2,74.40 1 0
github.com/huaodong/emfield-teaching-platform/backend/internal/http/handlers_assignment.go:77.62,80.16 3 0
github.com/huaodong/emfield-teaching-platform/backend/internal/http/handlers_assignment.go:80.16,83.3 2 0
github.com/huaodong/emfield-teaching-platform/backend/internal/http/handlers_assignment.go:85.2,86.112 2 0
github.com/huaodong/emfield-teaching-platform/backend/internal/http/handlers_assignment.go:86.112,89.3 2 0
github.com/huaodong/emfield-teaching-platform/backend/internal/http/handlers_assignment.go:91.2,91.36 1 0
github.com/huaodong/emfield-teaching-platform/backend/internal/http/handlers_assignment.go:94.60,97.16 3 0
github.com/huaodong/emfield-teaching-platform/backend/internal/http/handlers_assignment.go:97.16,100.3 2 0
github.com/huaodong/emfield-teaching-platform/backend/internal/http/handlers_assignment.go:102.2,103.58 2 0
github.com/huaodong/emfield-teaching-platform/backend/internal/http/handlers_assignment.go:103.58,106.3 2 0
github.com/huaodong/emfield-teaching-platform/backend/internal/http/handlers_assignment.go:108.2,108.35 1 0
github.com/huaodong/emfield-teaching-platform/backend/internal/http/handlers_assignment.go:118.63,121.16 3 0
github.com/huaodong/emfield-teaching-platform/backend/internal/http/handlers_assignment.go:121.16,124.3 2 0
github.com/huaodong/emfield-teaching-platform/backend/internal/http/handlers_assignment.go:126.2,127.47 2 0
github.com/huaodong/emfield-teaching-platform/backend/internal/http/handlers_assignment.go:127.47,130.3 2 0
github.com/huaodong/emfield-teaching-platform/backend/internal/http/handlers_assignment.go:132.2,133.9 2 0
github.com/huaodong/emfield-teaching-platform/backend/internal/http/handlers_assignment.go:133.9,136.3 2 0
github.com/huaodong/emfield-teaching-platform/backend/internal/http/handlers_assignment.go:139.2,140.68 2 0
github.com/huaodong/emfield-teaching-platform/backend/internal/http/handlers_assignment.go:140.68,143.3 2 0
github.com/huaodong/emfield-teaching-platform/backend/internal/http/handlers_assignment.go:146.2,149.25 3 0
github.com/huaodong/emfield-teaching-platform/backend/internal/http/handlers_assignment.go:149.25,153.52 3 0
github.com/huaodong/emfield-teaching-platform/backend/internal/http/handlers_assignment.go:153.52,156.4 2 0
github.com/huaodong/emfield-teaching-platform/backend/internal/http/handlers_assignment.go:157.3,158.9 2 0
github.com/huaodong/emfield-teaching-platform/backend/internal/http/handlers_assignment.go:162.2,168.55 2 0
github.com/huaodong/emfield-teaching-platform/backend/internal/http/handlers_assignment.go:168.55,171.3 2 0
github.com/huaodong/emfield-teaching-platform/backend/internal/http/handlers_assignment.go:173.2,173.40 1 0
github.com/huaodong/emfield-teaching-platform/backend/internal/http/handlers_assignment.go:177.62,180.16 3 0
github.com/huaodong/emfield-teaching-platform/backend/internal/http/handlers_assignment.go:180.16,183.3 2 0
github.com/huaodong/emfield-teaching-platform/backend/internal/http/handlers_assignment.go:185.2,186.9 2 0
github.com/huaodong/emfield-teaching-platform/backend/internal/http/handlers_assignment.go:186.9,189.3 2 0
github.com/huaodong/emfield-teaching-platform/backend/internal/http/handlers_assignment.go:191.2,192.123 2 0
github.com/huaodong/emfield-teaching-platform/backend/internal/http/handlers_assignment.go:192.123,196.3 2 0
github.com/huaodong/emfield-teaching-platform/backend/internal/http/handlers_assignment.go:198.2,198.35 1 0
github.com/huaodong/emfield-teaching-platform/backend/internal/http/handlers_assignment.go:208.62,211.16 3 0
github.com/huaodong/emfield-teaching-platform/backend/internal/http/handlers_assignment.go:211.16,214.3 2 0
github.com/huaodong/emfield-teaching-platform/backend/internal/http/handlers_assignment.go:216.2,217.47 2 0
github.com/huaodong/emfield-teaching-platform/backend/internal/http/handlers_assignment.go:217.47,220.3 2 0
github.com/huaodong/emfield-teaching-platform/backend/internal/http/handlers_assignment.go:222.2,223.9 2 0
github.com/huaodong/emfield-teaching-platform/backend/internal/http/handlers_assignment.go:223.9,226.3 2 0
github.com/huaodong/emfield-teaching-platform/backend/internal/http/handlers_assignment.go:228.2,229.68 2 0
github.com/huaodong/emfield-teaching-platform/backend/internal/http/handlers_assignment.go:229.68,232.3 2 0
github.com/huaodong/emfield-teaching-platform/backend/internal/http/handlers_assignment.go:235.2,236.79 2 0
github.com/huaodong/emfield-teaching-platform/backend/internal/http/handlers_assignment.go:236.79,239.3 2 0
github.com/huaodong/emfield-teaching-platform/backend/internal/http/handlers_assignment.go:241.2,242.71 2 0
github.com/huaodong/emfield-teaching-platform/backend/internal/http/handlers_assignment.go:242.71,245.3 2 0
github.com/huaodong/emfield-teaching-platform/backend/internal/http/handlers_assignment.go:247.2,247.85 1 0
github.com/huaodong/emfield-teaching-platform/backend/internal/http/handlers_assignment.go:247.85,250.3 2 0
github.com/huaodong/emfield-teaching-platform/backend/internal/http/handlers_assignment.go:252.2,256.53 4 0
github.com/huaodong/emfield-teaching-platform/backend/internal/http/handlers_assignment.go:256.53,259.3 2 0
github.com/huaodong/emfield-teaching-platform/backend/internal/http/handlers_assignment.go:261.2,261.35 1 0
github.com/huaodong/emfield-teaching-platform/backend/internal/http/handlers_assignment.go:264.62,267.16 3 0
github.com/huaodong/emfield-teaching-platform/backend/internal/http/handlers_assignment.go:267.16,270.3 2 0
github.com/huaodong/emfield-teaching-platform/backend/internal/http/handlers_assignment.go:272.2,273.120 2 0
github.com/huaodong/emfield-teaching-platform/backend/internal/http/handlers_assignment.go:273.120,276.3 2 0
github.com/huaodong/emfield-teaching-platform/backend/internal/http/handlers_assignment.go:278.2,278.36 1 0
github.com/huaodong/emfield-teaching-platform/backend/internal/http/handlers_assignment.go:284.64,287.16 3 0
github.com/huaodong/emfield-teaching-platform/backend/internal/http/handlers_assignment.go:287.16,290.3 2 0
github.com/huaodong/emfield-teaching-platform/backend/internal/http/handlers_assignment.go:292.2,293.9 2 0
github.com/huaodong/emfield-teaching-platform/backend/internal/http/handlers_assignment.go:293.9,296.3 2 0
github.com/huaodong/emfield-teaching-platform/backend/internal/http/handlers_assignment.go:299.2,300.68 2 0
github.com/huaodong/emfield-teaching-platform/backend/internal/http/handlers_assignment.go:300.68,303.3 2 0
github.com/huaodong/emfield-teaching-platform/backend/internal/http/handlers_assignment.go:306.2,307.79 2 0
github.com/huaodong/emfield-teaching-platform/backend/internal/http/handlers_assignment.go:307.79,310.3 2 0
github.com/huaodong/emfield-teaching-platform/backend/internal/http/handlers_assignment.go:312.2,313.71 2 0
github.com/huaodong/emfield-teaching-platform/backend/internal/http/handlers_assignment.go:313.71,316.3 2 0
github.com/huaodong/emfield-teaching-platform/backend/internal/http/handlers_assignment.go:319.2,319.85 1 0
github.com/huaodong/emfield-teaching-platform/backend/internal/http/handlers_assignment.go:319.85,322.3 2 0
github.com/huaodong/emfield-teaching-platform/backend/internal/http/handlers_assignment.go:325.2,340.16 8 0
github.com/huaodong/emfield-teaching-platform/backend/internal/http/handlers_assignment.go:340.16,343.3 2 0
github.com/huaodong/emfield-teaching-platform/backend/internal/http/handlers_assignment.go:345.2,348.4 1 0
github.com/huaodong/emfield-teaching-platform/backend/internal/http/handlers_assignment.go:360.71,363.16 3 0
github.com/huaodong/emfield-teaching-platform/backend/internal/http/handlers_assignment.go:363.16,366.3 2 0
github.com/huaodong/emfield-teaching-platform/backend/internal/http/handlers_assignment.go:368.2,369.9 2 0
github.com/huaodong/emfield-teaching-platform/backend/internal/http/handlers_assignment.go:369.9,372.3 2 0
github.com/huaodong/emfield-teaching-platform/backend/internal/http/handlers_assignment.go:374.2,378.121 3 0
github.com/huaodong/emfield-teaching-platform/backend/internal/http/handlers_assignment.go:378.121,381.3 2 0
github.com/huaodong/emfield-teaching-platform/backend/internal/http/handlers_assignment.go:382.2,384.28 2 0
github.com/huaodong/emfield-teaching-platform/backend/internal/http/handlers_assignment.go:384.28,392.17 3 0
github.com/huaodong/emfield-teaching-platform/backend/internal/http/handlers_assignment.go:392.17,395.4 2 0
github.com/huaodong/emfield-teaching-platform/backend/internal/http/handlers_assignment.go:396.3,406.17 5 0
github.com/huaodong/emfield-teaching-platform/backend/internal/http/handlers_assignment.go:406.17,408.4 1 0
github.com/huaodong/emfield-teaching-platform/backend/internal/http/handlers_assignment.go:409.8,419.17 3 0
github.com/huaodong/emfield-teaching-platform/backend/internal/http/handlers_assignment.go:419.17,421.4 1 0
github.com/huaodong/emfield-teaching-platform/backend/internal/http/handlers_assignment.go:424.3,429.17 3 0
github.com/huaodong/emfield-teaching-platform/backend/internal/http/handlers_assignment.go:429.17,431.4 1 0
github.com/huaodong/emfield-teaching-platform/backend/internal/http/handlers_assignment.go:434.2,434.30 1 0
github.com/huaodong/emfield-teaching-platform/backend/internal/http/handlers_attendance.go:20.61,22.2 1 0
github.com/huaodong/emfield-teaching-platform/backend/internal/http/handlers_attendance.go:41.57,43.16 2 0
github.com/huaodong/emfield-teaching-platform/backend/internal/http/handlers_attendance.go:43.16,46.3 2 0
github.com/huaodong/emfield-teaching-platform/backend/internal/http/handlers_attendance.go:48.2,49.9 2 0
github.com/huaodong/emfield-teaching-platform/backend/internal/http/handlers_attendance.go:49.9,52.3 2 0
github.com/huaodong/emfield-teaching-platform/backend/internal/http/handlers_attendance.go:53.2,63.111 7 0
github.com/huaodong/emfield-teaching-platform/backend/internal/http/handlers_attendance.go:63.111,65.3 1 0
github.com/huaodong/emfield-teaching-platform/backend/internal/http/handlers_attendance.go:68.2,69.23 2 0
github.com/huaodong/emfield-teaching-platform/backend/internal/http/handlers_attendance.go:69.23,70.24 1 0
github.com/huaodong/emfield-teaching-platform/backend/internal/http/handlers_attendance.go:70.24,78.4 3 0
github.com/huaodong/emfield-teaching-platform/backend/internal/http/handlers_attendance.go:78.9,82.49 3 0
github.com/huaodong/emfield-teaching-platform/backend/internal/http/handlers_attendance.go:82.49,89.5 3 0
github.com/huaodong/emfield-teaching-platform/backend/internal/http/handlers_attendance.go:94.2,96.107 3 0
github.com/huaodong/emfield-teaching-platform/backend/internal/http/handlers_attendance.go:96.107,98.24 2 0
github.com/huaodong/emfield-teaching-platform/backend/internal/http/handlers_attendance.go:98.24,100.4 1 0
github.com/huaodong/emfield-teaching-platform/backend/internal/http/handlers_attendance.go:101.3,105.4 1 0
github.com/huaodong/emfield-teaching-platform/backend/internal/http/handlers_attendance.go:108.2,113.4 1 0
github.com/huaodong/emfield-teaching-platform/backend/internal/http/handlers_attendance.go:128.59,130.16 2 0
github.com/huaodong/emfield-teaching-platform/backend/internal/http/handlers_attendance.go:130.16,133.3 2 0
github.com/huaodong/emfield-teaching-platform/backend/internal/http/handlers_attendance.go:135.2,136.107 2 0
github.com/huaodong/emfield-teaching-platform/backend/internal/http/handlers_attendance.go:136.107,139.3 2 0
github.com/huaodong/emfield-teaching-platform/backend/internal/http/handlers_attendance.go:141.2,142.29 2 0
github.com/huaodong/emfield-teaching-platform/backend/internal/http/handlers_attendance.go:142.29,152.3 3 0
github.com/huaodong/emfield-teaching-platform/backend/internal/http/handlers_attendance.go:154.2,154.31 1 0
github.com/huaodong/emfield-teaching-platform/backend/internal/http/handlers_attendance.go:165.59,167.16 2 0
github.com/huaodong/emfield-teaching-platform/backend/internal/http/handlers_attendance.go:167.16,170.3 2 0
github.com/huaodong/emfield-teaching-platform/backend/internal/http/handlers_attendance.go:173.2,174.109 2 0
github.com/huaodong/emfield-teaching-platform/backend/internal/http/handlers_attendance.go:174.109,177.3 2 0
github.com/huaodong/emfield-teaching-platform/backend/internal/http/handlers_attendance.go:179.2,181.56 3 0
github.com/huaodong/emfield-teaching-platform/backend/internal/http/handlers_attendance.go:181.56,183.3 1 0
github.com/huaodong/emfield-teaching-platform/backend/internal/http/handlers_attendance.go:185.2,186.9 2 0
github.com/huaodong/emfield-teaching-platform/backend/internal/http/handlers_attendance.go:186.9,189.3 2 0
github.com/huaodong/emfield-teaching-platform/backend/internal/http/handlers_attendance.go:190.2,203.52 4 0
github.com/huaodong/emfield-teaching-platform/backend/internal/http/handlers_attendance.go:203.52,206.3 2 0
github.com/huaodong/emfield-teaching-platform/backend/internal/http/handlers_attendance.go:208.2,212.4 1 0
github.com/huaodong/emfield-teaching-platform/backend/internal/http/handlers_attendance.go:219.57,221.16 2 0
github.com/huaodong/emfield-teaching-platform/backend/internal/http/handlers_attendance.go:221.16,224.3 2 0
github.com/huaodong/emfield-teaching-platform/backend/internal/http/handlers_attendance.go:226.2,227.62 2 0
github.com/huaodong/emfield-teaching-platform/backend/internal/http/handlers_attendance.go:227.62,230.3 2 0
github.com/huaodong/emfield-teaching-platform/backend/internal/http/handlers_attendance.go:232.2,232.23 1 0
github.com/huaodong/emfield-teaching-platform/backend/internal/http/handlers_attendance.go:232.23,235.3 2 0
github.com/huaodong/emfield-teaching-platform/backend/internal/http/handlers_attendance.go:237.2,241.58 4 0
github.com/huaodong/emfield-teaching-platform/backend/internal/http/handlers_attendance.go:258.54,260.16 2 0
github.com/huaodong/emfield-teaching-platform/backend/internal/http/handlers_attendance.go:260.16,263.3 2 0
github.com/huaodong/emfield-teaching-platform/backend/internal/http/handlers_attendance.go:265.2,266.47 2 0
github.com/huaodong/emfield-teaching-platform/backend/internal/http/handlers_attendance.go:266.47,269.3 2 0
github.com/huaodong/emfield-teaching-platform/backend/internal/http/handlers_attendance.go:271.2,272.9 2 0
github.com/huaodong/emfield-teaching-platform/backend/internal/http/handlers_attendance.go:272.9,275.3 2 0
github.com/huaodong/emfield-teaching-platform/backend/internal/http/handlers_attendance.go:276.2,280.62 3 0
github.com/huaodong/emfield-teaching-platform/backend/internal/http/handlers_attendance.go:280.62,283.3 2 0
github.com/huaodong/emfield-teaching-platform/backend/internal/http/handlers_attendance.go:286.2,286.23 1 0
github.com/huaodong/emfield-teaching-platform/backend/internal/http/handlers_attendance.go:286.23,289.3 2 0
github.com/huaodong/emfield-teaching-platform/backend/internal/http/handlers_attendance.go:292.2,292.37 1 0
github.com/huaodong/emfield-teaching-platform/backend/internal/http/handlers_attendance.go:292.37,297.3 3 0
github.com/huaodong/emfield-teaching-platform/backend/internal/http/handlers_attendance.go:300.2,300.30 1 0
github.com/huaodong/emfield-teaching-platform/backend/internal/http/handlers_attendance.go:300.30,303.3 2 0
github.com/huaodong/emfield-teaching-platform/backend/internal/http/handlers_attendance.go:306.2,307.114 2 0
github.com/huaodong/emfield-teaching-platform/backend/internal/http/handlers_attendance.go:307.114,314.3 2 0
github.com/huaodong/emfield-teaching-platform/backend/internal/http/handlers_attendance.go:317.2,325.51 3 0
github.com/huaodong/emfield-teaching-platform/backend/internal/http/handlers_attendance.go:325.51,328.3 2 0
github.com/huaodong/emfield-teaching-platform/backend/internal/http/handlers_attendance.go:330.2,333.4 1 0
github.com/huaodong/emfield-teaching-platform/backend/internal/http/handlers_attendance.go:347.57,349.16 2 0
github.com/huaodong/emfield-teaching-platform/backend/internal/http/handlers_attendance.go:349.16,352.3 2 0
github.com/huaodong/emfield-teaching-platform/backend/internal/http/handlers_attendance.go:354.2,355.85 2 0
github.com/huaodong/emfield-teaching-platform/backend/internal/http/handlers_attendance.go:355.85,358.3 2 0
github.com/huaodong/emfield-teaching-platform/backend/internal/http/handlers_attendance.go:361.2,362.28 2 0
github.com/huaodong/emfield-teaching-platform/backend/internal/http/handlers_attendance.go:362.28,364.3 1 0
github.com/huaodong/emfield-teaching-platform/backend/internal/http/handlers_attendance.go:366.2,369.26 4 0
github.com/huaodong/emfield-teaching-platform/backend/internal/http/handlers_attendance.go:369.26,371.17 2 0
github.com/huaodong/emfield-teaching-platform/backend/internal/http/handlers_attendance.go:371.17,373.4 1 0
github.com/huaodong/emfield-teaching-platform/backend/internal/http/handlers_attendance.go:374.3,374.23 1 0
github.com/huaodong/emfield-teaching-platform/backend/internal/http/handlers_attendance.go:377.2,378.28 2 0
github.com/huaodong/emfield-teaching-platform/backend/internal/http/handlers_attendance.go:378.28,385.3 1 0
github.com/huaodong/emfield-teaching-platform/backend/internal/http/handlers_attendance.go:387.2,387.31 1 0
github.com/huaodong/emfield-teaching-platform/backend/internal/http/handlers_attendance.go:391.28,396.2 4 0
github.com/huaodong/emfield-teaching-platform/backend/internal/http/handlers_auth.go:20.67,22.2 1 0
github.com/huaodong/emfield-teaching-platform/backend/internal/http/handlers_auth.go:35.46,37.47 2 0
github.com/huaodong/emfield-teaching-platform/backend/internal/http/handlers_auth.go:37.47,40.3 2 0
github.com/huaodong/emfield-teaching-platform/backend/internal/http/handlers_auth.go:42.2,43.81 2 0
github.com/huaodong/emfield-teaching-platform/backend/internal/http/handlers_auth.go:43.81,46.3 2 0
github.com/huaodong/emfield-teaching-platform/backend/internal/http/handlers_auth.go:47.2,47.56 1 0
github.com/huaodong/emfield-teaching-platform/backend/internal/http/handlers_auth.go:47.56,50.3 2 0
github.com/huaodong/emfield-teaching-platform/backend/internal/http/handlers_auth.go:52.2,54.16 3 0
github.com/huaodong/emfield-teaching-platform/backend/internal/http/handlers_auth.go:54.16,57.3 2 0
github.com/huaodong/emfield-teaching-platform/backend/internal/http/handlers_auth.go:59.2,63.4 1 0
github.com/huaodong/emfield-teaching-platform/backend/internal/http/handlers_auth.go:75.43,77.9 2 0
github.com/huaodong/emfield-teaching-platform/backend/internal/http/handlers_auth.go:77.9,80.3 2 0
github.com/huaodong/emfield-teaching-platform/backend/internal/http/handlers_auth.go:83.2,84.56 2 0
github.com/huaodong/emfield-teaching-platform/backend/internal/http/handlers_auth.go:84.56,87.3 2 0
github.com/huaodong/emfield-teaching-platform/backend/internal/http/handlers_auth.go:90.2,98.4 2 0
github.com/huaodong/emfield-teaching-platform/backend/internal/http/handlers_chapter.go:19.55,21.2 1 0
github.com/huaodong/emfield-teaching-platform/backend/internal/http/handlers_chapter.go:67.85,69.9 2 0
github.com/huaodong/emfield-teaching-platform/backend/internal/http/handlers_chapter.go:69.9,71.3 1 0
github.com/huaodong/emfield-teaching-platform/backend/internal/http/handlers_chapter.go:74.2,74.23 1 0
github.com/huaodong/emfield-teaching-platform/backend/internal/http/handlers_chapter.go:74.23,76.3 1 0
github.com/huaodong/emfield-teaching-platform/backend/internal/http/handlers_chapter.go:79.2,79.25 1 0
github.com/huaodong/emfield-teaching-platform/backend/internal/http/handlers_chapter.go:79.25,81.77 2 0
github.com/huaodong/emfield-teaching-platform/backend/internal/http/handlers_chapter.go:81.77,83.4 1 0
github.com/huaodong/emfield-teaching-platform/backend/internal/http/handlers_chapter.go:87.2,89.19 3 0
github.com/huaodong/emfield-teaching-platform/backend/internal/http/handlers_chapter.go:93.76,95.62 2 0
github.com/huaodong/emfield-teaching-platform/backend/internal/http/handlers_chapter.go:95.62,97.3 1 0
github.com/huaodong/emfield-teaching-platform/backend/internal/http/handlers_chapter.go:98.2,98.30 1 0
github.com/huaodong/emfield-teaching-platform/backend/internal/http/handlers_chapter.go:102.41,105.15 3 0
github.com/huaodong/emfield-teaching-platform/backend/internal/http/handlers_chapter.go:105.15,107.3 1 0
github.com/huaodong/emfield-teaching-platform/backend/internal/http/handlers_chapter.go:108.2,108.41 1 0
github.com/huaodong/emfield-teaching-platform/backend/internal/http/handlers_chapter.go:114.56,117.16 3 0
github.com/huaodong/emfield-teaching-platform/backend/internal/http/handlers_chapter.go:117.16,120.3 2 0
github.com/huaodong/emfield-teaching-platform/backend/internal/http/handlers_chapter.go:122.2,122.49 1 0
github.com/huaodong/emfield-teaching-platform/backend/internal/http/handlers_chapter.go:122.49,125.3 2 0
github.com/huaodong/emfield-teaching-platform/backend/internal/http/handlers_chapter.go:127.2,130.37 2 0
github.com/huaodong/emfield-teaching-platform/backend/internal/http/handlers_chapter.go:130.37,133.3 2 0
github.com/huaodong/emfield-teaching-platform/backend/internal/http/handlers_chapter.go:135.2,135.33 1 0
github.com/huaodong/emfield-teaching-platform/backend/internal/http/handlers_chapter.go:139.57,141.9 2 0
github.com/huaodong/emfield-teaching-platform/backend/internal/http/handlers_chapter.go:141.9,144.3 2 0
github.com/huaodong/emfield-teaching-platform/backend/internal/http/handlers_chapter.go:146.2,147.47 2 0
github.com/huaodong/emfield-teaching-platform/backend/internal/http/handlers_chapter.go:147.47,150.3 2 0
github.com/huaodong/emfield-teaching-platform/backend/internal/http/handlers_chapter.go:153.2,153.23 1 0
github.com/huaodong/emfield-teaching-platform/backend/internal/http/handlers_chapter.go:153.23,155.65 2 0
github.com/huaodong/emfield-teaching-platform/backend/internal/http/handlers_chapter.go:155.65,158.4 2 0
github.com/huaodong/emfield-teaching-platform/backend/internal/http/handlers_chapter.go:159.3,159.54 1 0
github.com/huaodong/emfield-teaching-platform/backend/internal/http/handlers_chapter.go:159.54,162.4 2 0
github.com/huaodong/emfield-teaching-platform/backend/internal/http/handlers_chapter.go:165.2,173.52 2 0
github.com/huaodong/emfield-teaching-platform/backend/internal/http/handlers_chapter.go:173.52,176.3 2 0
github.com/huaodong/emfield-teaching-platform/backend/internal/http/handlers_chapter.go:178.2,178.32 1 0
github.com/huaodong/emfield-teaching-platform/backend/internal/http/handlers_chapter.go:182.54,185.16 3 0
github.com/huaodong/emfield-teaching-platform/backend/internal/http/handlers_chapter.go:185.16,188.3 2 0
github.com/huaodong/emfield-teaching-platform/backend/internal/http/handlers_chapter.go:190.2,191.55 2 0
github.com/huaodong/emfield-teaching-platform/backend/internal/http/handlers_chapter.go:191.55,194.3 2 0
github.com/huaodong/emfield-teaching-platform/backend/internal/http/handlers_chapter.go:196.2,196.51 1 0
github.com/huaodong/emfield-teaching-platform/backend/internal/http/handlers_chapter.go:196.51,199.3 2 0
github.com/huaodong/emfield-teaching-platform/backend/internal/http/handlers_chapter.go:201.2,201.32 1 0
github.com/huaodong/emfield-teaching-platform/backend/internal/http/handlers_chapter.go:205.57,207.9 2 0
github.com/huaodong/emfield-teaching-platform/backend/internal/http/handlers_chapter.go:207.9,210.3 2 0
github.com/huaodong/emfield-teaching-platform/backend/internal/http/handlers_chapter.go:212.2,214.16 3 0
github.com/huaodong/emfield-teaching-platform/backend/internal/http/handlers_chapter.go:214.16,217.3 2 0
github.com/huaodong/emfield-teaching-platform/backend/internal/http/handlers_chapter.go:219.2,220.55 2 0
github.com/huaodong/emfield-teaching-platform/backend/internal/http/handlers_chapter.go:220.55,223.3 2 0
github.com/huaodong/emfield-teaching-platform/backend/internal/http/handlers_chapter.go:226.2,226.23 1 0
github.com/huaodong/emfield-teaching-platform/backend/internal/http/handlers_chapter.go:226.23,228.69 2 0
github.com/huaodong/emfield-teaching-platform/backend/internal/http/handlers_chapter.go:228.69,231.4 2 0
github.com/huaodong/emfield-teaching-platform/backend/internal/http/handlers_chapter.go:232.3,232.54 1 0
github.com/huaodong/emfield-teaching-platform/backend/internal/http/handlers_chapter.go:232.54,235.4 2 0
github.com/huaodong/emfield-teaching-platform/backend/internal/http/handlers_chapter.go:238.2,239.47 2 0
github.com/huaodong/emfield-teaching-platform/backend/internal/http/handlers_chapter.go:239.47,242.3 2 0
github.com/huaodong/emfield-teaching-platform/backend/internal/http/handlers_chapter.go:244.2,245.22 2 0
github.com/huaodong/emfield-teaching-platform/backend/internal/http/handlers_chapter.go:245.22,247.3 1 0
github.com/huaodong/emfield-teaching-platform/backend/internal/http/handlers_chapter.go:248.2,248.25 1 0
github.com/huaodong/emfield-teaching-platform/backend/internal/http/handlers_chapter.go:248.25,250.3 1 0
github.com/huaodong/emfield-teaching-platform/backend/internal/http/handlers_chapter.go:251.2,251.24 1 0
github.com/huaodong/emfield-teaching-platform/backend/internal/http/handlers_chapter.go:251.24,253.3 1 0
github.com/huaodong/emfield-teaching-platform/backend/internal/http/handlers_chapter.go:254.2,254.32 1 0
github.com/huaodong/emfield-teaching-platform/backend/internal/http/handlers_chapter.go:254.32,256.3 1 0
github.com/huaodong/emfield-teaching-platform/backend/internal/http/handlers_chapter.go:258.2,258.22 1 0
github.com/huaodong/emfield-teaching-platform/backend/internal/http/handlers_chapter.go:258.22,259.69 1 0
github.com/huaodong/emfield-teaching-platform/backend/internal/http/handlers_chapter.go:259.69,262.4 2 0
github.com/huaodong/emfield-teaching-platform/backend/internal/http/handlers_chapter.go:265.2,266.32 2 0
github.com/huaodong/emfield-teaching-platform/backend/internal/http/handlers_chapter.go:270.57,272.9 2 0
github.com/huaodong/emfield-teaching-platform/backend/internal/http/handlers_chapter.go:272.9,275.3 2 0
github.com/huaodong/emfield-teaching-platform/backend/internal/http/handlers_chapter.go:277.2,279.16 3 0
github.com/huaodong/emfield-teaching-platform/backend/internal/http/handlers_chapter.go:279.16,282.3 2 0
github.com/huaodong/emfield-teaching-platform/backend/internal/http/handlers_chapter.go:284.2,285.55 2 0
github.com/huaodong/emfield-teaching-platform/backend/internal/http/handlers_chapter.go:285.55,288.3 2 0
github.com/huaodong/emfield-teaching-platform/backend/internal/http/handlers_chapter.go:291.2,291.23 1 0
github.com/huaodong/emfield-teaching-platform/backend/internal/http/handlers_chapter.go:291.23,293.69 2 0
github.com/huaodong/emfield-teaching-platform/backend/internal/http/handlers_chapter.go:293.69,296.4 2 0
github.com/huaodong/emfield-teaching-platform/backend/internal/http/handlers_chapter.go:297.3,297.54 1 0
github.com/huaodong/emfield-teaching-platform/backend/internal/http/handlers_chapter.go:297.54,300.4 2 0
github.com/huaodong/emfield-teaching-platform/backend/internal/http/handlers_chapter.go:304.2,312.52 5 0
github.com/huaodong/emfield-teaching-platform/backend/internal/http/handlers_chapter.go:312.52,315.3 2 0
github.com/huaodong/emfield-teaching-platform/backend/internal/http/handlers_chapter.go:317.2,317.52 1 0
github.com/huaodong/emfield-teaching-platform/backend/internal/http/handlers_chapter.go:323.53,325.9 2 0
github.com/huaodong/emfield-teaching-platform/backend/internal/http/handlers_chapter.go:325.9,328.3 2 0
github.com/huaodong/emfield-teaching-platform/backend/internal/http/handlers_chapter.go:331.2,331.25 1 0
github.com/huaodong/emfield-teaching-platform/backend/internal/http/handlers_chapter.go:331.25,334.3 2 0
github.com/huaodong/emfield-teaching-platform/backend/internal/http/handlers_chapter.go:336.2,338.16 3 0
github.com/huaodong/emfield-teaching-platform/backend/internal/http/handlers_chapter.go:338.16,341.3 2 0
github.com/huaodong/emfield-teaching-platform/backend/internal/http/handlers_chapter.go:343.2,344.16 2 0
github.com/huaodong/emfield-teaching-platform/backend/internal/http/handlers_chapter.go:344.16,347.3 2 0
github.com/huaodong/emfield-teaching-platform/backend/internal/http/handlers_chapter.go:349.2,349.43 1 0
github.com/huaodong/emfield-teaching-platform/backend/internal/http/handlers_chapter.go:349.43,352.3 2 0
github.com/huaodong/emfield-teaching-platform/backend/internal/http/handlers_chapter.go:354.2,363.35 6 0
github.com/huaodong/emfield-teaching-platform/backend/internal/http/handlers_chapter.go:363.35,374.3 4 0
github.com/huaodong/emfield-teaching-platform/backend/internal/http/handlers_chapter.go:374.8,374.23 1 0
github.com/huaodong/emfield-teaching-platform/backend/internal/http/handlers_chapter.go:374.23,377.3 2 0
github.com/huaodong/emfield-teaching-platform/backend/internal/http/handlers_chapter.go:380.2,380.34 1 0
github.com/huaodong/emfield-teaching-platform/backend/internal/http/handlers_chapter.go:380.34,382.29 2 0
github.com/huaodong/emfield-teaching-platform/backend/internal/http/handlers_chapter.go:382.29,388.4 1 0
github.com/huaodong/emfield-teaching-platform/backend/internal/http/handlers_chapter.go:388.9,391.4 1 0
github.com/huaodong/emfield-teaching-platform/backend/internal/http/handlers_chapter.go:392.8,394.3 1 0
github.com/huaodong/emfield-teaching-platform/backend/internal/http/handlers_chapter.go:397.2,401.4 2 0
github.com/huaodong/emfield-teaching-platform/backend/internal/http/handlers_chapter.go:407.54,409.9 2 0
github.com/huaodong/emfield-teaching-platform/backend/internal/http/handlers_chapter.go:409.9,412.3 2 0
github.com/huaodong/emfield-teaching-platform/backend/internal/http/handlers_chapter.go:414.2,416.16 3 0
github.com/huaodong/emfield-teaching-platform/backend/internal/http/handlers_chapter.go:416.16,419.3 2 0
github.com/huaodong/emfield-teaching-platform/backend/internal/http/handlers_chapter.go:421.2,422.62 2 0
github.com/huaodong/emfield-teaching-platform/backend/internal/http/handlers_chapter.go:422.62,425.3 2 0
github.com/huaodong/emfield-teaching-platform/backend/internal/http/handlers_chapter.go:427.2,427.51 1 0
github.com/huaodong/emfield-teaching-platform/backend/internal/http/handlers_chapter.go:427.51,430.3 2 0
github.com/huaodong/emfield-teaching-platform/backend/internal/http/handlers_chapter.go:432.2,439.35 2 0
github.com/huaodong/emfield-teaching-platform/backend/internal/http/handlers_chapter.go:439.35,441.3 1 0
github.com/huaodong/emfield-teaching-platform/backend/internal/http/handlers_chapter.go:444.2,445.112 2 0
github.com/huaodong/emfield-teaching-platform/backend/internal/http/handlers_chapter.go:445.112,447.3 1 0
github.com/huaodong/emfield-teaching-platform/backend/internal/http/handlers_chapter.go:448.2,458.26 6 0
github.com/huaodong/emfield-teaching-platform/backend/internal/http/handlers_chapter.go:458.26,460.33 2 0
github.com/huaodong/emfield-teaching-platform/backend/internal/http/handlers_chapter.go:460.33,462.4 1 0
github.com/huaodong/emfield-teaching-platform/backend/internal/http/handlers_chapter.go:465.3,477.27 7 0
github.com/huaodong/emfield-teaching-platform/backend/internal/http/handlers_chapter.go:477.27,479.34 2 0
github.com/huaodong/emfield-teaching-platform/backend/internal/http/handlers_chapter.go:479.34,480.23 1 0
github.com/huaodong/emfield-teaching-platform/backend/internal/http/handlers_chapter.go:480.23,482.6 1 0
github.com/huaodong/emfield-teaching-platform/backend/internal/http/handlers_chapter.go:484.4,485.79 2 0
github.com/huaodong/emfield-teaching-platform/backend/internal/http/handlers_chapter.go:490.2,494.22 4 0
github.com/huaodong/emfield-teaching-platform/backend/internal/http/handlers_chapter.go:494.22,496.29 2 0
github.com/huaodong/emfield-teaching-platform/backend/internal/http/handlers_chapter.go:496.29,498.4 1 0
github.com/huaodong/emfield-teaching-platform/backend/internal/http/handlers_chapter.go:500.3,505.24 4 0
github.com/huaodong/emfield-teaching-platform/backend/internal/http/handlers_chapter.go:505.24,508.31 3 0
github.com/huaodong/emfield-teaching-platform/backend/internal/http/handlers_chapter.go:508.31,509.41 1 0
github.com/huaodong/emfield-teaching-platform/backend/internal/http/handlers_chapter.go:509.41,512.6 2 0
github.com/huaodong/emfield-teaching-platform/backend/internal/http/handlers_chapter.go:514.4,514.17 1 0
github.com/huaodong/emfield-teaching-platform/backend/internal/http/handlers_chapter.go:514.17,516.5 1 0
github.com/huaodong/emfield-teaching-platform/backend/internal/http/handlers_chapter.go:520.2,520.30 1 0
github.com/huaodong/emfield-teaching-platform/backend/internal/http/handlers_chapter.go:524.57,526.9 2 0
github.com/huaodong/emfield-teaching-platform/backend/internal/http/handlers_chapter.go:526.9,529.3 2 0
github.com/huaodong/emfield-teaching-platform/backend/internal/http/handlers_chapter.go:532.2,532.71 1 0
github.com/huaodong/emfield-teaching-platform/backend/internal/http/handlers_chapter.go:532.71,535.3 2 0
github.com/huaodong/emfield-teaching-platform/backend/internal/http/handlers_chapter.go:537.2,539.16 3 0
github.com/huaodong/emfield-teaching-platform/backend/internal/http/handlers_chapter.go:539.16,542.3 2 0
github.com/huaodong/emfield-teaching-platform/backend/internal/http/handlers_chapter.go:544.2,545.62 2 0
github.com/huaodong/emfield-teaching-platform/backend/internal/http/handlers_chapter.go:545.62,548.3 2 0
github.com/huaodong/emfield-teaching-platform/backend/internal/http/handlers_chapter.go:551.2,551.25 1 0
github.com/huaodong/emfield-teaching-platform/backend/internal/http/handlers_chapter.go:551.25,553.97 2 0
github.com/huaodong/emfield-teaching-platform/backend/internal/http/handlers_chapter.go:553.97,556.4 2 0
github.com/huaodong/emfield-teaching-platform/backend/internal/http/handlers_chapter.go:560.2,588.32 8 0
github.com/huaodong/emfield-teaching-platform/backend/internal/http/handlers_chapter.go:588.32,590.3 1 0
github.com/huaodong/emfield-teaching-platform/backend/internal/http/handlers_chapter.go:591.2,591.26 1 0
github.com/huaodong/emfield-teaching-platform/backend/internal/http/handlers_chapter.go:591.26,593.3 1 0
github.com/huaodong/emfield-teaching-platform/backend/internal/http/handlers_chapter.go:596.2,596.32 1 0
github.com/huaodong/emfield-teaching-platform/backend/internal/http/handlers_chapter.go:596.32,598.50 2 0
github.com/huaodong/emfield-teaching-platform/backend/internal/http/handlers_chapter.go:598.50,608.28 4 0
github.com/huaodong/emfield-teaching-platform/backend/internal/http/handlers_chapter.go:608.28,610.35 2 0
github.com/huaodong/emfield-teaching-platform/backend/internal/http/handlers_chapter.go:610.35,612.6 1 0
github.com/huaodong/emfield-teaching-platform/backend/internal/http/handlers_chapter.go:613.5,615.29 3 0
github.com/huaodong/emfield-teaching-platform/backend/internal/http/handlers_chapter.go:615.29,617.36 2 0
github.com/huaodong/emfield-teaching-platform/backend/internal/http/handlers_chapter.go:617.36,618.25 1 0
github.com/huaodong/emfield-teaching-platform/backend/internal/http/handlers_chapter.go:618.25,620.8 1 0
github.com/huaodong/emfield-teaching-platform/backend/internal/http/handlers_chapter.go:622.6,622.72 1 0
github.com/huaodong/emfield-teaching-platform/backend/internal/http/handlers_chapter.go:625.4,625.67 1 0
github.com/huaodong/emfield-teaching-platform/backend/internal/http/handlers_chapter.go:629.2,629.33 1 0
github.com/huaodong/emfield-teaching-platform/backend/internal/http/handlers_course.go:16.53,18.2 1 0
github.com/huaodong/emfield-teaching-platform/backend/internal/http/handlers_course.go:26.49,28.9 2 0
github.com/huaodong/emfield-teaching-platform/backend/internal/http/handlers_course.go:28.9,31.3 2 0
github.com/huaodong/emfield-teaching-platform/backend/internal/http/handlers_course.go:33.2,34.47 2 0
github.com/huaodong/emfield-teaching-platform/backend/internal/http/handlers_course.go:34.47,37.3 2 0
github.com/huaodong/emfield-teaching-platform/backend/internal/http/handlers_course.go:39.2,45.51 2 0
github.com/huaodong/emfield-teaching-platform/backend/internal/http/handlers_course.go:45.51,48.3 2 0
github.com/huaodong/emfield-teaching-platform/backend/internal/http/handlers_course.go:49.2,49.31 1 0
github.com/huaodong/emfield-teaching-platform/backend/internal/http/handlers_course.go:52.47,54.9 2 0
github.com/huaodong/emfield-teaching-platform/backend/internal/http/handlers_course.go:54.9,57.3 2 0
github.com/huaodong/emfield-teaching-platform/backend/internal/http/handlers_course.go:59.2,61.16 2 0
github.com/huaodong/emfield-teaching-platform/backend/internal/http/handlers_course.go:62.15,64.68 1 0
github.com/huaodong/emfield-teaching-platform/backend/internal/http/handlers_course.go:64.68,67.4 2 0
github.com/huaodong/emfield-teaching-platform/backend/internal/http/handlers_course.go:68.17,70.98 1 0
github.com/huaodong/emfield-teaching-platform/backend/internal/http/handlers_course.go:70.98,73.4 2 0
github.com/huaodong/emfield-teaching-platform/backend/internal/http/handlers_course.go:74.10,79.37 1 0
github.com/huaodong/emfield-teaching-platform/backend/internal/http/handlers_course.go:79.37,82.4 2 0
github.com/huaodong/emfield-teaching-platform/backend/internal/http/handlers_course.go:85.2,85.32 1 0
github.com/huaodong/emfield-teaching-platform/backend/internal/http/handlers_learning_profile.go:17.71,19.2 1 0
github.com/huaodong/emfield-teaching-platform/backend/internal/http/handlers_learning_profile.go:23.62,25.16 2 0
github.com/huaodong/emfield-teaching-platform/backend/internal/http/handlers_learning_profile.go:25.16,28.3 2 0
github.com/huaodong/emfield-teaching-platform/backend/internal/http/handlers_learning_profile.go:30.2,31.16 2 0
github.com/huaodong/emfield-teaching-platform/backend/internal/http/handlers_learning_profile.go:31.16,34.3 2 0
github.com/huaodong/emfield-teaching-platform/backend/internal/http/handlers_learning_profile.go:37.2,39.91 3 0
github.com/huaodong/emfield-teaching-platform/backend/internal/http/handlers_learning_profile.go:39.91,42.3 2 0
github.com/huaodong/emfield-teaching-platform/backend/internal/http/handlers_learning_profile.go:44.2,46.25 3 0
github.com/huaodong/emfield-teaching-platform/backend/internal/http/handlers_learning_profile.go:46.25,47.45 1 0
github.com/huaodong/emfield-teaching-platform/backend/internal/http/handlers_learning_profile.go:47.45,50.4 2 0
github.com/huaodong/emfield-teaching-platform/backend/internal/http/handlers_learning_profile.go:51.3,52.9 2 0
github.com/huaodong/emfield-teaching-platform/backend/internal/http/handlers_learning_profile.go:55.2,55.47 1 0
github.com/huaodong/emfield-teaching-platform/backend/internal/http/handlers_learning_profile.go:71.63,73.47 2 0
github.com/huaodong/emfield-teaching-platform/backend/internal/http/handlers_learning_profile.go:73.47,76.3 2 0
github.com/huaodong/emfield-teaching-platform/backend/internal/http/handlers_learning_profile.go:79.2,82.44 3 0
github.com/huaodong/emfield-teaching-platform/backend/internal/http/handlers_learning_profile.go:82.44,93.53 2 0
github.com/huaodong/emfield-teaching-platform/backend/internal/http/handlers_learning_profile.go:93.53,96.4 2 0
github.com/huaodong/emfield-teaching-platform/backend/internal/http/handlers_learning_profile.go:97.3,98.9 2 0
github.com/huaodong/emfield-teaching-platform/backend/internal/http/handlers_learning_profile.go:101.2,101.25 1 0
github.com/huaodong/emfield-teaching-platform/backend/internal/http/handlers_learning_profile.go:101.25,104.3 2 0
github.com/huaodong/emfield-teaching-platform/backend/internal/http/handlers_learning_profile.go:107.2,113.50 6 0
github.com/huaodong/emfield-teaching-platform/backend/internal/http/handlers_learning_profile.go:113.50,116.3 2 0
github.com/huaodong/emfield-teaching-platform/backend/internal/http/handlers_learning_profile.go:117.2,117.47 1 0
github.com/huaodong/emfield-teaching-platform/backend/internal/http/handlers_learning_profile.go:122.70,124.16 2 0
github.com/huaodong/emfield-teaching-platform/backend/internal/http/handlers_learning_profile.go:124.16,127.3 2 0
github.com/huaodong/emfield-teaching-platform/backend/internal/http/handlers_learning_profile.go:129.2,131.25 3 0
github.com/huaodong/emfield-teaching-platform/backend/internal/http/handlers_learning_profile.go:131.25,134.3 2 0
github.com/huaodong/emfield-teaching-platform/backend/internal/http/handlers_learning_profile.go:136.2,136.72 1 0
github.com/huaodong/emfield-teaching-platform/backend/internal/http/handlers_quiz.go:22.49,24.2 1 0
github.com/huaodong/emfield-teaching-platform/backend/internal/http/handlers_quiz.go:30.52,32.16 2 0
github.com/huaodong/emfield-teaching-platform/backend/internal/http/handlers_quiz.go:32.16,35.3 2 0
github.com/huaodong/emfield-teaching-platform/backend/internal/http/handlers_quiz.go:37.2,42.16 5 0
github.com/huaodong/emfield-teaching-platform/backend/internal/http/handlers_quiz.go:42.16,45.3 1 0
github.com/huaodong/emfield-teaching-platform/backend/internal/http/handlers_quiz.go:46.2,46.51 1 0
github.com/huaodong/emfield-teaching-platform/backend/internal/http/handlers_quiz.go:46.51,49.3 2 0
github.com/huaodong/emfield-teaching-platform/backend/internal/http/handlers_quiz.go:52.2,52.16 1 0
github.com/huaodong/emfield-teaching-platform/backend/internal/http/handlers_quiz.go:52.16,59.29 3 0
github.com/huaodong/emfield-teaching-platform/backend/internal/http/handlers_quiz.go:59.29,64.31 5 0
github.com/huaodong/emfield-teaching-platform/backend/internal/http/handlers_quiz.go:64.31,65.76 1 0
github.com/huaodong/emfield-teaching-platform/backend/internal/http/handlers_quiz.go:65.76,67.6 1 0
github.com/huaodong/emfield-teaching-platform/backend/internal/http/handlers_quiz.go:69.4,69.31 1 0
github.com/huaodong/emfield-teaching-platform/backend/internal/http/handlers_quiz.go:71.3,72.9 2 0
github.com/huaodong/emfield-teaching-platform/backend/internal/http/handlers_quiz.go:75.2,75.32 1 0
github.com/huaodong/emfield-teaching-platform/backend/internal/http/handlers_quiz.go:80.51,93.47 3 0
[...]
github.com/huaodong/emfield-teaching-platform/backend/internal/http/handlers_resource.go:58.57,61.3 2 0
github.com/huaodong/emfield-teaching-platform/backend/internal/http/handlers_resource.go:64.2,65.27 2 0
github.com/huaodong/emfield-teaching-platform/backend/internal/http/handlers_resource.go:65.27,68.3 2 0
github.com/huaodong/emfield-teaching-platform/backend/internal/http/handlers_resource.go:70.2,79.53 2 0
github.com/huaodong/emfield-teaching-platform/backend/internal/http/handlers_resource.go:79.53,82.3 2 0
github.com/huaodong/emfield-teaching-platform/backend/internal/http/handlers_resource.go:84.2,84.38 1 0
github.com/huaodong/emfield-teaching-platform/backend/internal/http/handlers_resource.go:87.58,90.16 3 0
github.com/huaodong/emfield-teaching-platform/backend/internal/http/handlers_resource.go:90.16,93.3 2 0
github.com/huaodong/emfield-teaching-platform/backend/internal/http/handlers_resource.go:96.2,99.22 3 0
github.com/huaodong/emfield-teaching-platform/backend/internal/http/handlers_resource.go:99.22,101.3 1 0
github.com/huaodong/emfield-teaching-platform/backend/internal/http/handlers_resource.go:103.2,104.78 2 0
github.com/huaodong/emfield-teaching-platform/backend/internal/http/handlers_resource.go:104.78,107.3 2 0
github.com/huaodong/emfield-teaching-platform/backend/internal/http/handlers_resource.go:109.2,109.34 1 0
github.com/huaodong/emfield-teaching-platform/backend/internal/http/handlers_resource.go:112.59,115.16 3 0
github.com/huaodong/emfield-teaching-platform/backend/internal/http/handlers_resource.go:115.16,118.3 2 0
github.com/huaodong/emfield-teaching-platform/backend/internal/http/handlers_resource.go:120.2,121.9 2 0
github.com/huaodong/emfield-teaching-platform/backend/internal/http/handlers_resource.go:121.9,124.3 2 0
github.com/huaodong/emfield-teaching-platform/backend/internal/http/handlers_resource.go:126.2,127.56 2 0
github.com/huaodong/emfield-teaching-platform/backend/internal/http/handlers_resource.go:127.56,130.3 2 0
github.com/huaodong/emfield-teaching-platform/backend/internal/http/handlers_resource.go:133.2,133.61 1 0
github.com/huaodong/emfield-teaching-platform/backend/internal/http/handlers_resource.go:133.61,136.3 2 0
github.com/huaodong/emfield-teaching-platform/backend/internal/http/handlers_resource.go:138.2,138.53 1 0
github.com/huaodong/emfield-teaching-platform/backend/internal/http/handlers_resource.go:138.53,141.3 2 0
github.com/huaodong/emfield-teaching-platform/backend/internal/http/handlers_resource.go:143.2,143.61 1 0
github.com/huaodong/emfield-teaching-platform/backend/internal/http/handlers_sim.go:15.58,17.2 1 0
github.com/huaodong/emfield-teaching-platform/backend/internal/http/handlers_sim.go:19.49,21.47 2 0
github.com/huaodong/emfield-teaching-platform/backend/internal/http/handlers_sim.go:21.47,24.3 2 0
github.com/huaodong/emfield-teaching-platform/backend/internal/http/handlers_sim.go:25.2,25.17 1 0
github.com/huaodong/emfield-teaching-platform/backend/internal/http/handlers_sim.go:25.17,27.3 1 0
github.com/huaodong/emfield-teaching-platform/backend/internal/http/handlers_sim.go:28.2,28.17 1 0
github.com/huaodong/emfield-teaching-platform/backend/internal/http/handlers_sim.go:28.17,30.3 1 0
github.com/huaodong/emfield-teaching-platform/backend/internal/http/handlers_sim.go:31.2,31.22 1 0
github.com/huaodong/emfield-teaching-platform/backend/internal/http/handlers_sim.go:31.22,33.3 1 0
github.com/huaodong/emfield-teaching-platform/backend/internal/http/handlers_sim.go:34.2,34.24 1 0
github.com/huaodong/emfield-teaching-platform/backend/internal/http/handlers_sim.go:34.24,36.3 1 0
github.com/huaodong/emfield-teaching-platform/backend/internal/http/handlers_sim.go:38.2,39.16 2 0
github.com/huaodong/emfield-teaching-platform/backend/internal/http/handlers_sim.go:39.16,42.3 2 0
github.com/huaodong/emfield-teaching-platform/backend/internal/http/handlers_sim.go:43.2,43.29 1 0
github.com/huaodong/emfield-teaching-platform/backend/internal/http/handlers_sim.go:48.61,49.30 1 0
github.com/huaodong/emfield-teaching-platform/backend/internal/http/handlers_sim.go:49.30,51.17 2 0
github.com/huaodong/emfield-teaching-platform/backend/internal/http/handlers_sim.go:51.17,54.4 2 0
github.com/huaodong/emfield-teaching-platform/backend/internal/http/handlers_sim.go:56.3,57.17 2 0
github.com/huaodong/emfield-teaching-platform/backend/internal/http/handlers_sim.go:57.17,60.4 2 0
github.com/huaodong/emfield-teaching-platform/backend/internal/http/handlers_sim.go:62.3,62.50 1 0
github.com/huaodong/emfield-teaching-platform/backend/internal/http/handlers_sim.go:67.62,68.30 1 0
github.com/huaodong/emfield-teaching-platform/backend/internal/http/handlers_sim.go:68.30,70.17 2 0
github.com/huaodong/emfield-teaching-platform/backend/internal/http/handlers_sim.go:70.17,73.4 2 0
github.com/huaodong/emfield-teaching-platform/backend/internal/http/handlers_sim.go:75.3,76.17 2 0
github.com/huaodong/emfield-teaching-platform/backend/internal/http/handlers_sim.go:76.17,79.4 2 0
github.com/huaodong/emfield-teaching-platform/backend/internal/http/handlers_sim.go:81.3,81.50 1 0
github.com/huaodong/emfield-teaching-platform/backend/internal/http/handlers_upload.go:40.87,45.2 1 0
github.com/huaodong/emfield-teaching-platform/backend/internal/http/handlers_upload.go:50.63,52.9 2 0
github.com/huaodong/emfield-teaching-platform/backend/internal/http/handlers_upload.go:52.9,55.3 2 0
github.com/huaodong/emfield-teaching-platform/backend/internal/http/handlers_upload.go:57.2,58.24 2 0
github.com/huaodong/emfield-teaching-platform/backend/internal/http/handlers_upload.go:58.24,61.3 2 0
github.com/huaodong/emfield-teaching-platform/backend/internal/http/handlers_upload.go:64.2,65.68 2 0
github.com/huaodong/emfield-teaching-platform/backend/internal/http/handlers_upload.go:65.68,68.3 2 0
github.com/huaodong/emfield-teaching-platform/backend/internal/http/handlers_upload.go:72.2,72.52 1 0
github.com/huaodong/emfield-teaching-platform/backend/internal/http/handlers_upload.go:72.52,75.3 2 0
github.com/huaodong/emfield-teaching-platform/backend/internal/http/handlers_upload.go:78.2,79.16 2 0
github.com/huaodong/emfield-teaching-platform/backend/internal/http/handlers_upload.go:79.16,82.3 2 0
github.com/huaodong/emfield-teaching-platform/backend/internal/http/handlers_upload.go:84.2,87.4 1 0
github.com/huaodong/emfield-teaching-platform/backend/internal/http/handlers_upload.go:93.61,95.9 2 0
github.com/huaodong/emfield-teaching-platform/backend/internal/http/handlers_upload.go:95.9,98.3 2 0
github.com/huaodong/emfield-teaching-platform/backend/internal/http/handlers_upload.go:100.2,101.20 2 0
github.com/huaodong/emfield-teaching-platform/backend/internal/http/handlers_upload.go:101.20,104.3 2 0
github.com/huaodong/emfield-teaching-platform/backend/internal/http/handlers_upload.go:107.2,108.60 2 0
github.com/huaodong/emfield-teaching-platform/backend/internal/http/handlers_upload.go:108.60,111.3 2 0
github.com/huaodong/emfield-teaching-platform/backend/internal/http/handlers_upload.go:114.2,114.57 1 0
github.com/huaodong/emfield-teaching-platform/backend/internal/http/handlers_upload.go:114.57,117.3 2 0
github.com/huaodong/emfield-teaching-platform/backend/internal/http/handlers_upload.go:120.2,121.16 2 0
github.com/huaodong/emfield-teaching-platform/backend/internal/http/handlers_upload.go:121.16,124.3 2 0
github.com/huaodong/emfield-teaching-platform/backend/internal/http/handlers_upload.go:126.2,129.4 1 0
github.com/huaodong/emfield-teaching-platform/backend/internal/http/handlers_upload.go:133.139,135.26 1 0
github.com/huaodong/emfield-teaching-platform/backend/internal/http/handlers_upload.go:135.26,137.3 1 0
github.com/huaodong/emfield-teaching-platform/backend/internal/http/handlers_upload.go:140.2,141.16 2 0
github.com/huaodong/emfield-teaching-platform/backend/internal/http/handlers_upload.go:141.16,143.3 1 0
github.com/huaodong/emfield-teaching-platform/backend/internal/http/handlers_upload.go:144.2,147.27 2 0
github.com/huaodong/emfield-teaching-platform/backend/internal/http/handlers_upload.go:147.27,149.3 1 0
github.com/huaodong/emfield-teaching-platform/backend/internal/http/handlers_upload.go:152.2,153.23 2 0
github.com/huaodong/emfield-teaching-platform/backend/internal/http/handlers_upload.go:153.23,155.3 1 0
github.com/huaodong/emfield-teaching-platform/backend/internal/http/handlers_upload.go:158.2,158.50 1 0
github.com/huaodong/emfield-teaching-platform/backend/internal/http/handlers_upload.go:158.50,160.3 1 0
github.com/huaodong/emfield-teaching-platform/backend/internal/http/handlers_upload.go:161.2,173.23 4 0
github.com/huaodong/emfield-teaching-platform/backend/internal/http/handlers_upload.go:173.23,175.3 1 0
github.com/huaodong/emfield-teaching-platform/backend/internal/http/handlers_upload.go:177.2,177.113 1 0
github.com/huaodong/emfield-teaching-platform/backend/internal/http/handlers_upload.go:177.113,179.3 1 0
github.com/huaodong/emfield-teaching-platform/backend/internal/http/handlers_upload.go:182.2,183.16 2 0
github.com/huaodong/emfield-teaching-platform/backend/internal/http/handlers_upload.go:183.16,185.3 1 0
github.com/huaodong/emfield-teaching-platform/backend/internal/http/handlers_upload.go:187.2,187.40 1 0
github.com/huaodong/emfield-teaching-platform/backend/internal/http/handlers_upload.go:191.86,195.33 3 0
github.com/huaodong/emfield-teaching-platform/backend/internal/http/handlers_upload.go:195.33,197.3 1 0
github.com/huaodong/emfield-teaching-platform/backend/internal/http/handlers_upload.go:199.2,202.21 2 0
github.com/huaodong/emfield-teaching-platform/backend/internal/http/handlers_upload.go:203.14,204.114 1 0
github.com/huaodong/emfield-teaching-platform/backend/internal/http/handlers_upload.go:204.114,206.4 1 0
github.com/huaodong/emfield-teaching-platform/backend/internal/http/handlers_upload.go:207.14,208.105 1 0
github.com/huaodong/emfield-teaching-platform/backend/internal/http/handlers_upload.go:208.105,210.4 1 0
github.com/huaodong/emfield-teaching-platform/backend/internal/http/handlers_upload.go:211.14,212.114 1 0
github.com/huaodong/emfield-teaching-platform/backend/internal/http/handlers_upload.go:212.114,214.4 1 0
github.com/huaodong/emfield-teaching-platform/backend/internal/http/handlers_upload.go:218.2,218.12 1 0
github.com/huaodong/emfield-teaching-platform/backend/internal/http/handlers_user.go:18.49,20.2 1 0
github.com/huaodong/emfield-teaching-platform/backend/internal/http/handlers_user.go:63.49,65.9 2 0
github.com/huaodong/emfield-teaching-platform/backend/internal/http/handlers_user.go:65.9,68.3 2 0
github.com/huaodong/emfield-teaching-platform/backend/internal/http/handlers_user.go:70.2,70.16 1 0
github.com/huaodong/emfield-teaching-platform/backend/internal/http/handlers_user.go:71.17,73.31 2 0
github.com/huaodong/emfield-teaching-platform/backend/internal/http/handlers_user.go:74.39,76.31 2 0
github.com/huaodong/emfield-teaching-platform/backend/internal/http/handlers_user.go:77.10,78.33 1 0
github.com/huaodong/emfield-teaching-platform/backend/internal/http/handlers_user.go:82.66,111.28 14 0
github.com/huaodong/emfield-teaching-platform/backend/internal/http/handlers_user.go:111.28,113.34 2 0
github.com/huaodong/emfield-teaching-platform/backend/internal/http/handlers_user.go:113.34,114.40 1 0
github.com/huaodong/emfield-teaching-platform/backend/internal/http/handlers_user.go:114.40,116.5 1 0
github.com/huaodong/emfield-teaching-platform/backend/internal/http/handlers_user.go:118.3,118.67 1 0
github.com/huaodong/emfield-teaching-platform/backend/internal/http/handlers_user.go:122.2,131.44 6 0
github.com/huaodong/emfield-teaching-platform/backend/internal/http/handlers_user.go:131.44,133.3 1 0
github.com/huaodong/emfield-teaching-platform/backend/internal/http/handlers_user.go:135.2,135.32 1 0
github.com/huaodong/emfield-teaching-platform/backend/internal/http/handlers_user.go:135.32,136.47 1 0
github.com/huaodong/emfield-teaching-platform/backend/internal/http/handlers_user.go:136.47,144.4 1 0
github.com/huaodong/emfield-teaching-platform/backend/internal/http/handlers_user.go:148.2,151.28 3 0
github.com/huaodong/emfield-teaching-platform/backend/internal/http/handlers_user.go:151.28,157.60 3 0
github.com/huaodong/emfield-teaching-platform/backend/internal/http/handlers_user.go:157.60,165.4 1 0
github.com/huaodong/emfield-teaching-platform/backend/internal/http/handlers_user.go:169.2,169.48 1 0
github.com/huaodong/emfield-teaching-platform/backend/internal/http/handlers_user.go:169.48,171.3 1 0
github.com/huaodong/emfield-teaching-platform/backend/internal/http/handlers_user.go:173.2,174.28 2 0
github.com/huaodong/emfield-teaching-platform/backend/internal/http/handlers_user.go:174.28,176.3 1 0
github.com/huaodong/emfield-teaching-platform/backend/internal/http/handlers_user.go:179.2,185.32 3 0
github.com/huaodong/emfield-teaching-platform/backend/internal/http/handlers_user.go:185.32,187.59 2 0
github.com/huaodong/emfield-teaching-platform/backend/internal/http/handlers_user.go:187.59,189.22 2 0
github.com/huaodong/emfield-teaching-platform/backend/internal/http/handlers_user.go:189.22,191.5 1 0
github.com/huaodong/emfield-teaching-platform/backend/internal/http/handlers_user.go:192.4,200.6 2 0
github.com/huaodong/emfield-teaching-platform/backend/internal/http/handlers_user.go:205.2,205.33 1 0
github.com/huaodong/emfield-teaching-platform/backend/internal/http/handlers_user.go:205.33,207.71 2 0
github.com/huaodong/emfield-teaching-platform/backend/internal/http/handlers_user.go:207.71,209.22 2 0
github.com/huaodong/emfield-teaching-platform/backend/internal/http/handlers_user.go:209.22,211.5 1 0
github.com/huaodong/emfield-teaching-platform/backend/internal/http/handlers_user.go:212.4,220.6 2 0
github.com/huaodong/emfield-teaching-platform/backend/internal/http/handlers_user.go:225.2,225.55 1 0
github.com/huaodong/emfield-teaching-platform/backend/internal/http/handlers_user.go:225.55,227.3 1 0
github.com/huaodong/emfield-teaching-platform/backend/internal/http/handlers_user.go:228.2,228.36 1 0
github.com/huaodong/emfield-teaching-platform/backend/internal/http/handlers_user.go:228.36,230.3 1 0
github.com/huaodong/emfield-teaching-platform/backend/internal/http/handlers_user.go:232.2,232.14 1 0
github.com/huaodong/emfield-teaching-platform/backend/internal/http/handlers_user.go:235.79,243.23 4 0
github.com/huaodong/emfield-teaching-platform/backend/internal/http/handlers_user.go:243.23,245.3 1 0
github.com/huaodong/emfield-teaching-platform/backend/internal/http/handlers_user.go:246.2,251.23 4 0
github.com/huaodong/emfield-teaching-platform/backend/internal/http/handlers_user.go:251.23,253.3 1 0
github.com/huaodong/emfield-teaching-platform/backend/internal/http/handlers_user.go:253.8,255.3 1 0
github.com/huaodong/emfield-teaching-platform/backend/internal/http/handlers_user.go:257.2,257.24 1 0
github.com/huaodong/emfield-teaching-platform/backend/internal/http/handlers_user.go:257.24,288.33 12 0
github.com/huaodong/emfield-teaching-platform/backend/internal/http/handlers_user.go:288.33,290.60 2 0
github.com/huaodong/emfield-teaching-platform/backend/internal/http/handlers_user.go:290.60,299.5 3 0
github.com/huaodong/emfield-teaching-platform/backend/internal/http/handlers_user.go:303.2,303.14 1 0
github.com/huaodong/emfield-teaching-platform/backend/internal/http/handlers_wecom.go:23.97,29.2 1 0
github.com/huaodong/emfield-teaching-platform/backend/internal/http/handlers_wecom.go:47.47,48.29 1 0
github.com/huaodong/emfield-teaching-platform/backend/internal/http/handlers_wecom.go:48.29,51.3 2 0
github.com/huaodong/emfield-teaching-platform/backend/internal/http/handlers_wecom.go:53.2,54.47 2 0
github.com/huaodong/emfield-teaching-platform/backend/internal/http/handlers_wecom.go:54.47,57.3 2 0
github.com/huaodong/emfield-teaching-platform/backend/internal/http/handlers_wecom.go:59.2,63.16 3 0
github.com/huaodong/emfield-teaching-platform/backend/internal/http/handlers_wecom.go:63.16,66.3 2 0
github.com/huaodong/emfield-teaching-platform/backend/internal/http/handlers_wecom.go:68.2,68.27 1 0
github.com/huaodong/emfield-teaching-platform/backend/internal/http/handlers_wecom.go:68.27,71.3 2 0
github.com/huaodong/emfield-teaching-platform/backend/internal/http/handlers_wecom.go:74.2,76.37 3 0
github.com/huaodong/emfield-teaching-platform/backend/internal/http/handlers_wecom.go:76.37,78.3 1 0
github.com/huaodong/emfield-teaching-platform/backend/internal/http/handlers_wecom.go:78.8,80.3 1 0
github.com/huaodong/emfield-teaching-platform/backend/internal/http/handlers_wecom.go:83.2,85.25 3 0
github.com/huaodong/emfield-teaching-platform/backend/internal/http/handlers_wecom.go:85.25,86.45 1 0
github.com/huaodong/emfield-teaching-platform/backend/internal/http/handlers_wecom.go:86.45,95.51 2 0
github.com/huaodong/emfield-teaching-platform/backend/internal/http/handlers_wecom.go:95.51,98.5 2 0
github.com/huaodong/emfield-teaching-platform/backend/internal/http/handlers_wecom.go:99.9,102.4 2 0
github.com/huaodong/emfield-teaching-platform/backend/internal/http/handlers_wecom.go:106.2,106.45 1 0
github.com/huaodong/emfield-teaching-platform/backend/internal/http/handlers_wecom.go:106.45,108.3 1 0
github.com/huaodong/emfield-teaching-platform/backend/internal/http/handlers_wecom.go:111.2,113.16 3 0
github.com/huaodong/emfield-teaching-platform/backend/internal/http/handlers_wecom.go:113.16,116.3 2 0
github.com/huaodong/emfield-teaching-platform/backend/internal/http/handlers_wecom.go:118.2,124.4 1 0
github.com/huaodong/emfield-teaching-platform/backend/internal/http/handlers_wecom.go:143.53,144.29 1 0
github.com/huaodong/emfield-teaching-platform/backend/internal/http/handlers_wecom.go:144.29,147.3 2 0
github.com/huaodong/emfield-teaching-platform/backend/internal/http/handlers_wecom.go:149.2,150.47 2 0
github.com/huaodong/emfield-teaching-platform/backend/internal/http/handlers_wecom.go:150.47,153.3 2 0
github.com/huaodong/emfield-teaching-platform/backend/internal/http/handlers_wecom.go:155.2,159.16 3 0
github.com/huaodong/emfield-teaching-platform/backend/internal/http/handlers_wecom.go:159.16,162.3 2 0
github.com/huaodong/emfield-teaching-platform/backend/internal/http/handlers_wecom.go:165.2,181.4 7 0
github.com/huaodong/emfield-teaching-platform/backend/internal/http/handlers_wecom.go:191.53,192.29 1 0
github.com/huaodong/emfield-teaching-platform/backend/internal/http/handlers_wecom.go:192.29,195.3 2 0
github.com/huaodong/emfield-teaching-platform/backend/internal/http/handlers_wecom.go:197.2,198.23 2 0
github.com/huaodong/emfield-teaching-platform/backend/internal/http/handlers_wecom.go:198.23,201.3 2 0
github.com/huaodong/emfield-teaching-platform/backend/internal/http/handlers_wecom.go:203.2,214.61 3 0
github.com/huaodong/emfield-teaching-platform/backend/internal/http/handlers_wecom.go:218.42,221.19 3 0
github.com/huaodong/emfield-teaching-platform/backend/internal/http/handlers_wecom.go:221.19,223.3 1 0
github.com/huaodong/emfield-teaching-platform/backend/internal/http/handlers_wecom.go:224.2,224.18 1 0
github.com/huaodong/emfield-teaching-platform/backend/internal/http/router.go:17.156,22.41 4 0
github.com/huaodong/emfield-teaching-platform/backend/internal/http/router.go:22.41,24.3 1 0
github.com/huaodong/emfield-teaching-platform/backend/internal/http/router.go:26.2,49.2 17 0
github.com/huaodong/emfield-teaching-platform/backend/internal/http/router.go:49.2,446.3 75 0
github.com/huaodong/emfield-teaching-platform/backend/internal/http/router.go:448.2,448.10 1 0
github.com/huaodong/emfield-teaching-platform/backend/internal/http/router.go:451.48,452.28 1 0
github.com/huaodong/emfield-teaching-platform/backend/internal/http/router.go:452.28,453.34 1 0
github.com/huaodong/emfield-teaching-platform/backend/internal/http/router.go:453.34,460.4 1 0
github.com/huaodong/emfield-teaching-platform/backend/internal/http/router.go:462.2,468.4 1 0
